TN:
SF:controllers\achievementController.js
FN:5,(anonymous_0)
FN:22,(anonymous_1)
FN:39,(anonymous_2)
FN:51,(anonymous_3)
FN:74,(anonymous_4)
FN:115,(anonymous_5)
FN:163,(anonymous_6)
FNF:7
FNH:7
FNDA:2,(anonymous_0)
FNDA:2,(anonymous_1)
FNDA:2,(anonymous_2)
FNDA:3,(anonymous_3)
FNDA:3,(anonymous_4)
FNDA:4,(anonymous_5)
FNDA:3,(anonymous_6)
DA:2,6
DA:5,6
DA:6,2
DA:7,2
DA:8,2
DA:14,1
DA:16,1
DA:17,1
DA:22,6
DA:23,2
DA:24,2
DA:25,2
DA:26,2
DA:39,2
DA:43,1
DA:45,1
DA:46,1
DA:51,6
DA:52,3
DA:53,3
DA:54,3
DA:55,3
DA:63,2
DA:64,1
DA:66,1
DA:68,1
DA:69,1
DA:74,6
DA:83,3
DA:86,3
DA:88,3
DA:89,3
DA:90,3
DA:107,2
DA:109,1
DA:110,1
DA:115,6
DA:116,4
DA:125,4
DA:128,4
DA:130,4
DA:131,4
DA:132,4
DA:152,3
DA:153,1
DA:155,2
DA:157,1
DA:158,1
DA:163,6
DA:164,3
DA:165,3
DA:166,3
DA:167,3
DA:173,2
DA:174,1
DA:176,1
DA:178,1
DA:179,1
LF:58
LH:58
BRDA:63,0,0,1
BRDA:63,0,1,1
BRDA:86,1,0,3
BRDA:86,1,1,1
BRDA:128,2,0,4
BRDA:128,2,1,1
BRDA:152,3,0,1
BRDA:152,3,1,2
BRDA:173,4,0,1
BRDA:173,4,1,1
BRF:10
BRH:10
end_of_record
TN:
SF:controllers\adminController.js
FN:8,(anonymous_0)
FN:69,(anonymous_1)
FN:94,(anonymous_2)
FN:143,(anonymous_3)
FN:169,(anonymous_4)
FN:195,(anonymous_5)
FN:215,(anonymous_6)
FNF:7
FNH:7
FNDA:2,(anonymous_0)
FNDA:2,(anonymous_1)
FNDA:2,(anonymous_2)
FNDA:2,(anonymous_3)
FNDA:2,(anonymous_4)
FNDA:2,(anonymous_5)
FNDA:2,(anonymous_6)
DA:2,6
DA:3,6
DA:4,6
DA:5,6
DA:8,6
DA:9,2
DA:12,2
DA:14,2
DA:15,2
DA:18,2
DA:38,1
DA:41,1
DA:49,1
DA:56,1
DA:63,1
DA:64,1
DA:69,6
DA:70,2
DA:71,2
DA:72,2
DA:82,1
DA:88,1
DA:89,1
DA:94,6
DA:95,2
DA:96,2
DA:100,2
DA:102,2
DA:105,2
DA:117,1
DA:131,1
DA:137,1
DA:138,1
DA:143,6
DA:144,2
DA:145,2
DA:146,2
DA:149,2
DA:157,1
DA:163,1
DA:164,1
DA:169,6
DA:170,2
DA:171,2
DA:172,2
DA:175,2
DA:183,1
DA:189,1
DA:190,1
DA:195,6
DA:196,2
DA:197,2
DA:199,2
DA:207,1
DA:209,1
DA:210,1
DA:215,6
DA:216,2
DA:217,2
DA:219,2
DA:232,1
DA:234,1
DA:235,1
LF:63
LH:63
BRF:0
BRH:0
end_of_record
TN:
SF:controllers\adminMemberController.js
FN:5,(anonymous_0)
FN:24,(anonymous_1)
FN:54,(anonymous_2)
FN:72,(anonymous_3)
FN:90,(anonymous_4)
FNF:5
FNH:5
FNDA:2,(anonymous_0)
FNDA:2,(anonymous_1)
FNDA:2,(anonymous_2)
FNDA:2,(anonymous_3)
FNDA:2,(anonymous_4)
DA:1,6
DA:2,6
DA:5,6
DA:6,2
DA:7,2
DA:8,2
DA:16,1
DA:18,1
DA:19,1
DA:24,6
DA:25,2
DA:26,2
DA:28,2
DA:29,2
DA:30,2
DA:46,1
DA:48,1
DA:49,1
DA:54,6
DA:55,2
DA:56,2
DA:57,2
DA:58,2
DA:64,1
DA:66,1
DA:67,1
DA:72,6
DA:73,2
DA:74,2
DA:75,2
DA:76,2
DA:82,1
DA:84,1
DA:85,1
DA:90,6
DA:91,2
DA:92,2
DA:93,2
DA:94,2
DA:100,1
DA:102,1
DA:103,1
LF:42
LH:42
BRF:0
BRH:0
end_of_record
TN:
SF:controllers\adminStatController.js
FN:3,(anonymous_0)
FN:20,(anonymous_1)
FN:49,(anonymous_2)
FN:56,(anonymous_3)
FN:66,(anonymous_4)
FN:99,(anonymous_5)
FN:100,(anonymous_6)
FN:110,(anonymous_7)
FN:124,(anonymous_8)
FN:125,(anonymous_9)
FN:134,(anonymous_10)
FN:146,(anonymous_11)
FN:147,(anonymous_12)
FN:155,(anonymous_13)
FN:171,(anonymous_14)
FN:202,(anonymous_15)
FN:217,(anonymous_16)
FN:238,(anonymous_17)
FN:268,(anonymous_18)
FN:269,(anonymous_19)
FN:279,(anonymous_20)
FN:299,(anonymous_21)
FN:326,(anonymous_22)
FN:351,(anonymous_23)
FN:352,(anonymous_24)
FN:363,(anonymous_25)
FN:365,getStartOfCurrentWeek
FNF:27
FNH:27
FNDA:2,(anonymous_0)
FNDA:3,(anonymous_1)
FNDA:4,(anonymous_2)
FNDA:14,(anonymous_3)
FNDA:2,(anonymous_4)
FNDA:5,(anonymous_5)
FNDA:5,(anonymous_6)
FNDA:3,(anonymous_7)
FNDA:3,(anonymous_8)
FNDA:3,(anonymous_9)
FNDA:3,(anonymous_10)
FNDA:3,(anonymous_11)
FNDA:3,(anonymous_12)
FNDA:3,(anonymous_13)
FNDA:3,(anonymous_14)
FNDA:2,(anonymous_15)
FNDA:6,(anonymous_16)
FNDA:30,(anonymous_17)
FNDA:5,(anonymous_18)
FNDA:5,(anonymous_19)
FNDA:5,(anonymous_20)
FNDA:3,(anonymous_21)
FNDA:3,(anonymous_22)
FNDA:3,(anonymous_23)
FNDA:3,(anonymous_24)
FNDA:3,(anonymous_25)
FNDA:3,getStartOfCurrentWeek
DA:1,6
DA:3,6
DA:4,2
DA:5,2
DA:6,2
DA:11,1
DA:13,1
DA:14,1
DA:20,6
DA:21,3
DA:22,3
DA:24,3
DA:39,2
DA:40,2
DA:41,2
DA:42,14
DA:43,14
DA:44,14
DA:48,2
DA:49,2
DA:50,4
DA:51,4
DA:55,2
DA:56,14
DA:58,2
DA:60,1
DA:61,1
DA:66,6
DA:67,2
DA:68,2
DA:69,2
DA:99,5
DA:100,5
DA:102,1
DA:104,1
DA:105,1
DA:110,6
DA:111,3
DA:112,3
DA:113,3
DA:124,3
DA:125,3
DA:126,2
DA:128,1
DA:129,1
DA:134,6
DA:135,3
DA:136,3
DA:137,3
DA:146,3
DA:147,3
DA:148,2
DA:150,1
DA:151,1
DA:155,6
DA:156,3
DA:157,3
DA:158,3
DA:163,2
DA:165,1
DA:166,1
DA:171,6
DA:172,3
DA:173,3
DA:174,3
DA:175,3
DA:193,2
DA:194,2
DA:195,2
DA:196,2
DA:197,8
DA:198,8
DA:199,8
DA:202,2
DA:203,2
DA:204,2
DA:207,2
DA:212,1
DA:213,1
DA:217,6
DA:218,6
DA:219,6
DA:220,6
DA:223,6
DA:224,6
DA:226,6
DA:227,30
DA:228,30
DA:230,30
DA:231,30
DA:233,30
DA:237,6
DA:239,30
DA:253,29
DA:261,29
DA:268,5
DA:269,5
DA:271,1
DA:273,5
DA:274,5
DA:279,6
DA:280,5
DA:281,5
DA:282,5
DA:283,5
DA:298,4
DA:299,4
DA:300,3
DA:303,2
DA:321,3
DA:322,3
DA:326,6
DA:327,3
DA:328,3
DA:330,3
DA:331,3
DA:349,2
DA:351,3
DA:352,2
DA:353,3
DA:356,2
DA:358,1
DA:359,1
DA:363,6
DA:366,3
DA:367,3
DA:369,3
DA:370,3
DA:371,3
DA:373,3
DA:374,3
DA:376,3
DA:377,3
DA:381,0
DA:384,3
DA:385,3
DA:386,3
DA:388,3
DA:393,3
DA:394,3
DA:417,2
DA:418,2
DA:425,1
DA:426,1
DA:430,6
LF:145
LH:144
BRDA:56,0,0,14
BRDA:56,0,1,10
BRDA:263,1,0,29
BRDA:263,1,1,1
BRDA:376,2,0,3
BRDA:376,2,1,0
BRDA:376,3,0,3
BRDA:376,3,1,3
BRDA:385,4,0,3
BRDA:385,4,1,3
BRDA:419,5,0,2
BRDA:419,5,1,1
BRDA:420,6,0,2
BRDA:420,6,1,1
BRDA:421,7,0,2
BRDA:421,7,1,1
BRDA:422,8,0,2
BRDA:422,8,1,1
BRF:18
BRH:17
end_of_record
TN:
SF:controllers\appointmentController.js
FN:5,(anonymous_0)
FN:122,(anonymous_1)
FN:178,(anonymous_2)
FN:223,(anonymous_3)
FN:239,(anonymous_4)
FN:300,(anonymous_5)
FN:328,(anonymous_6)
FN:345,(anonymous_7)
FN:377,(anonymous_8)
FN:411,(anonymous_9)
FN:453,(anonymous_10)
FN:492,(anonymous_11)
FNF:12
FNH:11
FNDA:7,(anonymous_0)
FNDA:5,(anonymous_1)
FNDA:3,(anonymous_2)
FNDA:2,(anonymous_3)
FNDA:6,(anonymous_4)
FNDA:2,(anonymous_5)
FNDA:2,(anonymous_6)
FNDA:1,(anonymous_7)
FNDA:3,(anonymous_8)
FNDA:4,(anonymous_9)
FNDA:3,(anonymous_10)
FNDA:0,(anonymous_11)
DA:2,6
DA:5,6
DA:6,7
DA:7,7
DA:8,7
DA:10,7
DA:13,7
DA:14,7
DA:15,7
DA:17,7
DA:29,6
DA:30,6
DA:31,1
DA:38,5
DA:42,5
DA:43,1
DA:46,4
DA:48,4
DA:50,4
DA:51,4
DA:52,4
DA:54,4
DA:55,1
DA:60,3
DA:63,3
DA:66,3
DA:79,3
DA:80,1
DA:86,2
DA:99,2
DA:103,2
DA:104,1
DA:110,2
DA:114,2
DA:116,1
DA:117,1
DA:122,6
DA:123,5
DA:124,5
DA:125,5
DA:126,5
DA:128,5
DA:131,5
DA:135,5
DA:136,2
DA:139,3
DA:140,3
DA:143,3
DA:147,3
DA:150,3
DA:159,3
DA:169,3
DA:171,0
DA:172,0
DA:178,6
DA:179,3
DA:180,3
DA:181,3
DA:182,3
DA:185,3
DA:186,3
DA:187,3
DA:189,3
DA:191,3
DA:195,3
DA:197,3
DA:198,1
DA:201,2
DA:202,2
DA:204,2
DA:208,2
DA:215,2
DA:217,0
DA:218,0
DA:223,6
DA:224,2
DA:225,2
DA:226,2
DA:227,2
DA:231,2
DA:233,0
DA:234,0
DA:239,6
DA:240,6
DA:241,6
DA:242,6
DA:243,6
DA:246,6
DA:250,6
DA:251,6
DA:252,2
DA:256,4
DA:257,4
DA:258,4
DA:259,4
DA:261,4
DA:262,1
DA:268,3
DA:273,3
DA:274,2
DA:276,2
DA:286,3
DA:291,3
DA:293,0
DA:294,0
DA:300,6
DA:301,2
DA:302,2
DA:303,2
DA:305,2
DA:320,1
DA:322,1
DA:323,1
DA:328,6
DA:329,2
DA:330,2
DA:331,2
DA:332,2
DA:336,1
DA:338,1
DA:339,1
DA:345,6
DA:346,1
DA:347,1
DA:348,1
DA:349,1
DA:351,1
DA:352,1
DA:366,1
DA:368,1
DA:370,0
DA:371,0
DA:377,6
DA:378,3
DA:379,3
DA:380,3
DA:381,3
DA:383,3
DA:386,3
DA:390,3
DA:391,1
DA:394,2
DA:403,2
DA:405,0
DA:406,0
DA:411,6
DA:412,4
DA:413,4
DA:414,4
DA:416,4
DA:419,4
DA:423,4
DA:424,4
DA:426,4
DA:427,1
DA:431,3
DA:432,1
DA:435,2
DA:436,2
DA:437,1
DA:440,1
DA:449,1
DA:453,6
DA:454,3
DA:455,3
DA:457,3
DA:460,3
DA:465,3
DA:466,1
DA:469,2
DA:470,2
DA:473,2
DA:474,1
DA:477,1
DA:488,1
DA:492,6
DA:493,0
DA:494,0
DA:495,0
DA:496,0
DA:498,0
DA:499,0
DA:514,0
DA:516,0
DA:517,0
LF:185
LH:164
BRDA:30,0,0,1
BRDA:30,0,1,5
BRDA:42,1,0,1
BRDA:42,1,1,4
BRDA:54,2,0,1
BRDA:54,2,1,3
BRDA:79,3,0,1
BRDA:79,3,1,2
BRDA:103,4,0,1
BRDA:103,4,1,1
BRDA:125,5,0,1
BRDA:125,5,1,4
BRDA:125,6,0,5
BRDA:125,6,1,4
BRDA:135,7,0,2
BRDA:135,7,1,3
BRDA:135,8,0,5
BRDA:135,8,1,4
BRDA:140,9,0,0
BRDA:140,9,1,3
BRDA:147,10,0,3
BRDA:147,10,1,1
BRDA:181,11,0,1
BRDA:181,11,1,2
BRDA:181,12,0,3
BRDA:181,12,1,3
BRDA:197,13,0,1
BRDA:197,13,1,2
BRDA:197,14,0,3
BRDA:197,14,1,3
BRDA:202,15,0,0
BRDA:202,15,1,2
BRDA:251,16,0,2
BRDA:251,16,1,4
BRDA:251,17,0,6
BRDA:251,17,1,5
BRDA:261,18,0,1
BRDA:261,18,1,3
BRDA:273,19,0,2
BRDA:273,19,1,1
BRDA:280,20,0,2
BRDA:280,20,1,0
BRDA:390,21,0,1
BRDA:390,21,1,2
BRDA:390,22,0,3
BRDA:390,22,1,3
BRDA:396,23,0,2
BRDA:396,23,1,1
BRDA:426,24,0,1
BRDA:426,24,1,3
BRDA:426,25,0,4
BRDA:426,25,1,4
BRDA:431,26,0,1
BRDA:431,26,1,2
BRDA:436,27,0,1
BRDA:436,27,1,1
BRDA:465,28,0,1
BRDA:465,28,1,2
BRDA:473,29,0,1
BRDA:473,29,1,1
BRF:60
BRH:57
end_of_record
TN:
SF:controllers\authController.js
FN:7,(anonymous_0)
FN:21,(anonymous_1)
FN:50,(anonymous_2)
FN:133,(anonymous_3)
FN:198,(anonymous_4)
FN:206,(anonymous_5)
FN:248,(anonymous_6)
FN:253,(anonymous_7)
FNF:8
FNH:8
FNDA:8,(anonymous_0)
FNDA:5,(anonymous_1)
FNDA:13,(anonymous_2)
FNDA:12,(anonymous_3)
FNDA:3,(anonymous_4)
FNDA:3,(anonymous_5)
FNDA:3,(anonymous_6)
FNDA:2,(anonymous_7)
DA:2,5
DA:3,5
DA:4,5
DA:7,5
DA:8,8
DA:21,5
DA:22,5
DA:29,5
DA:36,5
DA:50,5
DA:51,13
DA:52,13
DA:55,13
DA:56,6
DA:60,7
DA:61,7
DA:62,2
DA:65,5
DA:66,5
DA:67,1
DA:71,4
DA:72,1
DA:75,3
DA:78,2
DA:82,2
DA:83,1
DA:87,1
DA:88,1
DA:89,1
DA:92,1
DA:108,1
DA:110,1
DA:116,1
DA:127,1
DA:128,1
DA:133,5
DA:134,12
DA:135,12
DA:136,12
DA:137,3
DA:142,9
DA:143,8
DA:155,8
DA:156,2
DA:161,6
DA:162,6
DA:166,6
DA:167,5
DA:169,1
DA:172,6
DA:173,1
DA:177,5
DA:178,2
DA:182,2
DA:183,1
DA:188,5
DA:190,1
DA:191,1
DA:198,5
DA:199,3
DA:206,5
DA:207,3
DA:208,3
DA:209,3
DA:211,3
DA:212,3
DA:213,1
DA:214,1
DA:215,1
DA:216,1
DA:220,2
DA:221,2
DA:230,1
DA:231,1
DA:234,1
DA:235,1
DA:238,1
DA:241,1
DA:242,1
DA:243,1
DA:248,5
DA:249,3
DA:252,3
DA:253,2
DA:254,2
DA:255,1
DA:256,1
DA:259,1
DA:260,1
DA:264,1
DA:268,5
LF:91
LH:91
BRDA:13,0,0,8
BRDA:13,0,1,1
BRDA:16,1,0,8
BRDA:16,1,1,0
BRDA:23,2,0,5
BRDA:23,2,1,0
BRDA:25,3,0,5
BRDA:25,3,1,0
BRDA:26,4,0,5
BRDA:26,4,1,0
BRDA:40,5,0,5
BRDA:40,5,1,0
BRDA:42,6,0,5
BRDA:42,6,1,0
BRDA:43,7,0,5
BRDA:43,7,1,0
BRDA:55,8,0,6
BRDA:55,8,1,7
BRDA:55,9,0,13
BRDA:55,9,1,11
BRDA:55,9,2,9
BRDA:55,9,3,8
BRDA:61,10,0,2
BRDA:61,10,1,5
BRDA:66,11,0,1
BRDA:66,11,1,4
BRDA:71,12,0,1
BRDA:71,12,1,3
BRDA:82,13,0,1
BRDA:82,13,1,1
BRDA:136,14,0,3
BRDA:136,14,1,9
BRDA:136,15,0,12
BRDA:136,15,1,10
BRDA:155,16,0,2
BRDA:155,16,1,6
BRDA:166,17,0,5
BRDA:166,17,1,1
BRDA:166,18,0,6
BRDA:166,18,1,6
BRDA:172,19,0,1
BRDA:172,19,1,5
BRDA:177,20,0,2
BRDA:177,20,1,3
BRDA:182,21,0,1
BRDA:182,21,1,1
BRDA:212,22,0,1
BRDA:212,22,1,2
BRDA:214,23,0,1
BRDA:214,23,1,0
BRDA:234,24,0,1
BRDA:234,24,1,0
BRDA:242,25,0,1
BRDA:242,25,1,0
BRDA:252,26,0,2
BRDA:252,26,1,1
BRDA:254,27,0,1
BRDA:254,27,1,1
BRF:58
BRH:48
end_of_record
TN:
SF:controllers\chatController.js
FN:6,(anonymous_0)
FN:86,(anonymous_1)
FN:142,(anonymous_2)
FN:167,(anonymous_3)
FNF:4
FNH:4
FNDA:8,(anonymous_0)
FNDA:7,(anonymous_1)
FNDA:3,(anonymous_2)
FNDA:6,(anonymous_3)
DA:2,29
DA:3,29
DA:6,29
DA:8,8
DA:9,8
DA:10,8
DA:11,8
DA:12,8
DA:13,8
DA:14,8
DA:16,8
DA:17,1
DA:20,7
DA:23,6
DA:24,1
DA:26,1
DA:27,1
DA:28,5
DA:29,4
DA:30,4
DA:32,1
DA:36,5
DA:39,5
DA:44,4
DA:45,1
DA:47,3
DA:50,3
DA:63,2
DA:65,2
DA:66,2
DA:76,2
DA:79,3
DA:80,3
DA:86,29
DA:87,7
DA:88,7
DA:89,7
DA:90,7
DA:92,7
DA:94,7
DA:97,6
DA:98,1
DA:100,1
DA:101,1
DA:102,5
DA:103,4
DA:104,4
DA:106,1
DA:109,5
DA:111,5
DA:116,4
DA:118,4
DA:119,1
DA:120,1
DA:123,3
DA:125,3
DA:134,2
DA:136,3
DA:137,3
DA:142,29
DA:143,3
DA:144,3
DA:145,3
DA:147,3
DA:148,2
DA:159,1
DA:161,2
DA:162,2
DA:167,29
DA:168,6
DA:169,6
DA:170,6
DA:172,6
DA:173,5
DA:174,5
DA:175,2
DA:185,3
DA:186,2
DA:188,1
DA:190,1
DA:200,1
DA:203,3
DA:204,2
DA:206,3
DA:207,3
LF:85
LH:85
BRDA:13,0,0,8
BRDA:13,0,1,2
BRDA:14,1,0,1
BRDA:14,1,1,7
BRDA:16,2,0,1
BRDA:16,2,1,7
BRDA:16,3,0,8
BRDA:16,3,1,2
BRDA:23,4,0,1
BRDA:23,4,1,5
BRDA:28,5,0,4
BRDA:28,5,1,1
BRDA:44,6,0,1
BRDA:44,6,1,3
BRDA:65,7,0,2
BRDA:65,7,1,0
BRDA:97,8,0,1
BRDA:97,8,1,5
BRDA:102,9,0,4
BRDA:102,9,1,1
BRDA:118,10,0,1
BRDA:118,10,1,3
BRDA:174,11,0,2
BRDA:174,11,1,3
BRDA:185,12,0,2
BRDA:185,12,1,1
BRF:26
BRH:25
end_of_record
TN:
SF:controllers\coachController.js
FN:5,(anonymous_0)
FN:41,(anonymous_1)
FN:67,(anonymous_2)
FNF:3
FNH:3
FNDA:13,(anonymous_0)
FNDA:7,(anonymous_1)
FNDA:11,(anonymous_2)
DA:2,6
DA:5,6
DA:6,13
DA:7,13
DA:8,13
DA:10,13
DA:11,4
DA:14,9
DA:17,7
DA:21,6
DA:22,2
DA:25,4
DA:28,4
DA:33,3
DA:35,4
DA:36,4
DA:41,6
DA:42,7
DA:43,7
DA:44,4
DA:56,3
DA:61,4
DA:62,4
DA:67,6
DA:68,11
DA:69,11
DA:70,11
DA:71,8
DA:79,7
DA:80,3
DA:82,4
DA:84,4
DA:85,4
LF:33
LH:33
BRDA:10,0,0,4
BRDA:10,0,1,9
BRDA:21,1,0,2
BRDA:21,1,1,4
BRDA:79,2,0,3
BRDA:79,2,1,4
BRF:6
BRH:6
end_of_record
TN:
SF:controllers\commentController.js
FN:4,(anonymous_0)
FN:27,(anonymous_1)
FN:48,(anonymous_2)
FN:80,(anonymous_3)
FNF:4
FNH:4
FNDA:4,(anonymous_0)
FNDA:4,(anonymous_1)
FNDA:6,(anonymous_2)
FNDA:7,(anonymous_3)
DA:2,26
DA:4,26
DA:5,4
DA:6,4
DA:7,4
DA:9,4
DA:10,3
DA:20,2
DA:22,2
DA:23,2
DA:27,26
DA:28,4
DA:29,4
DA:30,4
DA:32,3
DA:41,2
DA:43,2
DA:44,2
DA:48,26
DA:49,6
DA:50,6
DA:51,6
DA:52,6
DA:54,6
DA:55,5
DA:59,4
DA:60,4
DA:61,1
DA:64,3
DA:65,1
DA:68,2
DA:73,1
DA:75,3
DA:76,3
DA:80,26
DA:81,7
DA:82,7
DA:83,7
DA:84,7
DA:86,7
DA:87,6
DA:91,5
DA:92,5
DA:93,1
DA:97,4
DA:98,1
DA:101,3
DA:105,2
DA:107,3
DA:108,3
LF:50
LH:50
BRDA:14,0,0,3
BRDA:14,0,1,2
BRDA:60,1,0,1
BRDA:60,1,1,3
BRDA:64,2,0,1
BRDA:64,2,1,2
BRDA:92,3,0,1
BRDA:92,3,1,4
BRDA:97,4,0,1
BRDA:97,4,1,3
BRDA:97,5,0,4
BRDA:97,5,1,3
BRF:12
BRH:12
end_of_record
TN:
SF:controllers\communityChatController.js
FN:4,(anonymous_0)
FN:43,(anonymous_1)
FNF:2
FNH:2
FNDA:5,(anonymous_0)
FNDA:4,(anonymous_1)
DA:1,14
DA:4,14
DA:5,5
DA:6,5
DA:7,5
DA:9,5
DA:12,4
DA:16,3
DA:19,3
DA:23,2
DA:26,2
DA:27,2
DA:35,2
DA:37,3
DA:38,3
DA:43,14
DA:44,4
DA:45,4
DA:46,3
DA:51,2
DA:53,2
DA:54,2
LF:22
LH:22
BRDA:16,0,0,3
BRDA:16,0,1,1
BRDA:26,1,0,2
BRDA:26,1,1,0
BRF:4
BRH:3
end_of_record
TN:
SF:controllers\communityPostController.js
FN:4,(anonymous_0)
FN:26,(anonymous_1)
FN:44,(anonymous_2)
FN:61,(anonymous_3)
FN:94,(anonymous_4)
FN:120,(anonymous_5)
FN:134,(anonymous_6)
FNF:7
FNH:7
FNDA:3,(anonymous_0)
FNDA:4,(anonymous_1)
FNDA:4,(anonymous_2)
FNDA:6,(anonymous_3)
FNDA:6,(anonymous_4)
FNDA:3,(anonymous_5)
FNDA:3,(anonymous_6)
DA:2,34
DA:4,34
DA:5,3
DA:6,3
DA:7,3
DA:9,3
DA:10,2
DA:19,1
DA:21,2
DA:22,2
DA:26,34
DA:27,4
DA:28,4
DA:29,3
DA:37,2
DA:39,2
DA:40,2
DA:44,34
DA:45,4
DA:46,4
DA:47,3
DA:54,2
DA:56,2
DA:57,2
DA:61,34
DA:62,6
DA:63,6
DA:64,6
DA:65,6
DA:67,6
DA:69,5
DA:73,4
DA:74,2
DA:77,2
DA:87,1
DA:89,3
DA:90,3
DA:94,34
DA:95,6
DA:96,6
DA:97,6
DA:99,6
DA:101,5
DA:105,4
DA:106,2
DA:109,2
DA:113,1
DA:115,3
DA:116,3
DA:120,34
DA:121,3
DA:122,3
DA:123,3
DA:124,2
DA:127,1
DA:129,2
DA:130,2
DA:134,34
DA:135,3
DA:136,3
DA:138,3
DA:139,2
DA:147,1
DA:149,2
DA:150,2
LF:65
LH:65
BRDA:73,0,0,2
BRDA:73,0,1,2
BRDA:73,1,0,4
BRDA:73,1,1,3
BRDA:105,2,0,2
BRDA:105,2,1,2
BRDA:105,3,0,4
BRDA:105,3,1,3
BRF:8
BRH:8
end_of_record
TN:
SF:controllers\ftndController.js
FN:8,(anonymous_0)
FN:25,(anonymous_1)
FN:94,(anonymous_2)
FNF:3
FNH:3
FNDA:4,(anonymous_0)
FNDA:11,(anonymous_1)
FNDA:4,(anonymous_2)
DA:2,5
DA:4,5
DA:5,5
DA:8,5
DA:9,4
DA:10,4
DA:11,4
DA:16,3
DA:17,3
DA:19,1
DA:20,1
DA:25,5
DA:26,11
DA:28,11
DA:29,4
DA:32,7
DA:33,7
DA:34,7
DA:42,6
DA:54,0
DA:59,0
DA:61,0
DA:63,0
DA:72,0
DA:74,0
DA:87,0
DA:89,7
DA:90,7
DA:94,5
DA:95,4
DA:96,4
DA:97,4
DA:102,3
DA:103,3
DA:105,1
DA:106,1
LF:36
LH:29
BRDA:28,0,0,4
BRDA:28,0,1,7
BRDA:28,1,0,11
BRDA:28,1,1,8
BRDA:61,2,0,0
BRDA:61,2,1,0
BRDA:72,3,0,0
BRDA:72,3,1,0
BRDA:103,4,0,3
BRDA:103,4,1,2
BRF:10
BRH:6
end_of_record
TN:
SF:controllers\habitLogController.js
FN:3,getUserLevel
FN:11,(anonymous_1)
FN:28,(anonymous_2)
FN:62,(anonymous_3)
FN:117,(anonymous_4)
FN:206,(anonymous_5)
FN:275,(anonymous_6)
FN:408,(anonymous_7)
FN:447,(anonymous_8)
FN:475,(anonymous_9)
FN:502,(anonymous_10)
FN:616,(anonymous_11)
FNF:12
FNH:12
FNDA:8,getUserLevel
FNDA:4,(anonymous_1)
FNDA:3,(anonymous_2)
FNDA:6,(anonymous_3)
FNDA:3,(anonymous_4)
FNDA:5,(anonymous_5)
FNDA:6,(anonymous_6)
FNDA:5,(anonymous_7)
FNDA:4,(anonymous_8)
FNDA:4,(anonymous_9)
FNDA:4,(anonymous_10)
FNDA:9,(anonymous_11)
DA:1,6
DA:4,8
DA:5,0
DA:6,0
DA:7,0
DA:11,6
DA:12,4
DA:13,4
DA:15,4
DA:16,4
DA:17,4
DA:27,2
DA:28,2
DA:29,3
DA:31,2
DA:34,2
DA:43,2
DA:45,2
DA:53,2
DA:54,2
DA:62,6
DA:63,6
DA:64,6
DA:66,6
DA:71,6
DA:72,2
DA:75,4
DA:76,4
DA:79,4
DA:85,3
DA:86,3
DA:87,3
DA:90,3
DA:109,3
DA:117,3
DA:120,3
DA:121,3
DA:122,3
DA:123,3
DA:124,3
DA:126,3
DA:132,3
DA:142,3
DA:154,3
DA:159,3
DA:162,3
DA:177,3
DA:178,3
DA:179,3
DA:181,3
DA:183,3
DA:198,3
DA:200,1
DA:201,1
DA:206,6
DA:207,5
DA:208,5
DA:210,5
DA:211,3
DA:217,2
DA:218,2
DA:221,2
DA:232,1
DA:247,1
DA:248,1
DA:249,1
DA:250,1
DA:252,1
DA:267,1
DA:269,1
DA:270,1
DA:275,6
DA:276,6
DA:277,6
DA:279,6
DA:280,3
DA:286,3
DA:287,3
DA:290,3
DA:301,2
DA:308,2
DA:311,2
DA:317,2
DA:318,2
DA:319,2
DA:322,2
DA:323,2
DA:324,2
DA:325,2
DA:326,2
DA:328,2
DA:333,2
DA:336,2
DA:346,2
DA:347,1
DA:359,2
DA:374,2
DA:375,2
DA:376,2
DA:377,2
DA:380,2
DA:395,2
DA:400,1
DA:401,1
DA:408,6
DA:409,5
DA:410,5
DA:411,5
DA:413,5
DA:414,3
DA:419,2
DA:420,2
DA:424,2
DA:440,1
DA:442,1
DA:443,1
DA:447,6
DA:448,4
DA:449,4
DA:451,4
DA:452,1
DA:455,3
DA:456,3
DA:457,3
DA:467,2
DA:469,1
DA:470,1
DA:475,6
DA:476,4
DA:477,4
DA:479,4
DA:480,1
DA:483,3
DA:484,3
DA:485,3
DA:495,2
DA:497,1
DA:498,1
DA:502,6
DA:503,4
DA:504,4
DA:506,4
DA:507,1
DA:510,3
DA:511,3
DA:514,3
DA:520,2
DA:521,2
DA:522,2
DA:525,2
DA:532,2
DA:535,2
DA:536,2
DA:537,2
DA:538,2
DA:539,1
DA:541,2
DA:548,2
DA:558,2
DA:559,2
DA:570,2
DA:585,2
DA:586,2
DA:587,2
DA:588,2
DA:590,2
DA:605,2
DA:610,1
DA:611,1
DA:616,6
DA:617,9
DA:618,9
DA:620,9
DA:625,9
DA:626,2
DA:629,7
DA:630,7
DA:633,7
DA:649,6
DA:654,1
DA:655,1
DA:659,6
LF:182
LH:179
BRDA:4,0,0,8
BRDA:4,0,1,0
BRDA:5,1,0,0
BRDA:5,1,1,0
BRDA:6,2,0,0
BRDA:6,2,1,0
BRDA:43,3,0,2
BRDA:43,3,1,1
BRDA:66,4,0,6
BRDA:66,4,1,2
BRDA:66,4,2,1
BRDA:66,4,3,1
BRDA:71,5,0,2
BRDA:71,5,1,4
BRDA:71,6,0,6
BRDA:71,6,1,5
BRDA:85,7,0,3
BRDA:85,7,1,0
BRDA:96,8,0,3
BRDA:96,8,1,0
BRDA:121,9,0,0
BRDA:121,9,1,3
BRDA:122,10,0,0
BRDA:122,10,1,3
BRDA:123,11,0,0
BRDA:123,11,1,3
BRDA:124,12,0,0
BRDA:124,12,1,3
BRDA:159,13,0,3
BRDA:159,13,1,0
BRDA:177,14,0,3
BRDA:177,14,1,0
BRDA:178,15,0,3
BRDA:178,15,1,0
BRDA:210,16,0,3
BRDA:210,16,1,2
BRDA:210,17,0,5
BRDA:210,17,1,4
BRDA:247,18,0,1
BRDA:247,18,1,0
BRDA:248,19,0,1
BRDA:248,19,1,0
BRDA:279,20,0,3
BRDA:279,20,1,3
BRDA:279,21,0,6
BRDA:279,21,1,5
BRDA:317,22,0,2
BRDA:317,22,1,0
BRDA:323,23,0,0
BRDA:323,23,1,2
BRDA:324,24,0,0
BRDA:324,24,1,2
BRDA:325,25,0,0
BRDA:325,25,1,2
BRDA:326,26,0,0
BRDA:326,26,1,2
BRDA:333,27,0,2
BRDA:333,27,1,1
BRDA:346,28,0,1
BRDA:346,28,1,1
BRDA:374,29,0,2
BRDA:374,29,1,0
BRDA:375,30,0,2
BRDA:375,30,1,1
BRDA:413,31,0,3
BRDA:413,31,1,2
BRDA:413,32,0,5
BRDA:413,32,1,4
BRDA:413,32,2,3
BRDA:451,33,0,1
BRDA:451,33,1,3
BRDA:479,34,0,1
BRDA:479,34,1,3
BRDA:506,35,0,1
BRDA:506,35,1,3
BRDA:520,36,0,2
BRDA:520,36,1,0
BRDA:536,37,0,0
BRDA:536,37,1,2
BRDA:537,38,0,0
BRDA:537,38,1,2
BRDA:538,39,0,1
BRDA:538,39,1,1
BRDA:539,40,0,0
BRDA:539,40,1,1
BRDA:585,41,0,2
BRDA:585,41,1,0
BRDA:586,42,0,2
BRDA:586,42,1,1
BRDA:620,43,0,9
BRDA:620,43,1,5
BRDA:620,43,2,4
BRDA:620,43,3,4
BRDA:625,44,0,2
BRDA:625,44,1,7
BRDA:625,45,0,9
BRDA:625,45,1,8
BRF:97
BRH:70
end_of_record
TN:
SF:controllers\memberController.js
FN:4,(anonymous_0)
FNF:1
FNH:1
FNDA:3,(anonymous_0)
DA:2,8
DA:4,8
DA:5,3
DA:6,3
DA:12,3
DA:14,3
DA:15,2
DA:30,1
DA:32,2
DA:33,2
LF:10
LH:10
BRF:0
BRH:0
end_of_record
TN:
SF:controllers\notificationController.js
FN:4,(anonymous_0)
FNF:1
FNH:1
FNDA:4,(anonymous_0)
DA:1,9
DA:4,9
DA:5,4
DA:6,4
DA:7,3
DA:9,3
DA:18,2
DA:20,2
DA:21,2
LF:9
LH:9
BRF:0
BRH:0
end_of_record
TN:
SF:controllers\paymentController.js
FN:14,sortObjDataByKey
FN:17,(anonymous_1)
FN:24,convertObjToQueryStr
FN:26,(anonymous_3)
FN:27,(anonymous_4)
FN:39,(anonymous_5)
FN:191,(anonymous_6)
FNF:7
FNH:7
FNDA:5,sortObjDataByKey
FNDA:15,(anonymous_1)
FNDA:5,convertObjToQueryStr
FNDA:15,(anonymous_3)
FNDA:15,(anonymous_4)
FNDA:8,(anonymous_5)
FNDA:18,(anonymous_6)
DA:1,5
DA:2,5
DA:3,5
DA:4,5
DA:7,5
DA:15,5
DA:18,15
DA:19,15
DA:25,5
DA:26,15
DA:28,15
DA:29,15
DA:30,15
DA:31,15
DA:39,5
DA:40,8
DA:41,8
DA:42,8
DA:45,8
DA:46,2
DA:50,6
DA:51,6
DA:52,1
DA:53,1
DA:57,5
DA:58,5
DA:59,5
DA:65,5
DA:66,5
DA:69,5
DA:70,1
DA:71,1
DA:74,4
DA:75,4
DA:78,4
DA:87,4
DA:88,3
DA:90,1
DA:93,1
DA:96,1
DA:98,1
DA:107,1
DA:109,1
DA:110,1
DA:117,1
DA:118,1
DA:120,1
DA:134,0
DA:146,1
DA:147,1
DA:154,1
DA:155,1
DA:156,1
DA:164,1
DA:165,0
DA:181,1
DA:183,0
DA:184,0
DA:191,5
DA:192,18
DA:193,18
DA:195,18
DA:197,18
DA:198,3
DA:199,3
DA:206,15
DA:207,15
DA:208,4
DA:209,4
DA:215,11
DA:216,0
DA:217,0
DA:223,11
DA:225,11
DA:228,11
DA:236,11
DA:237,2
DA:238,2
DA:244,9
DA:245,9
DA:248,9
DA:249,9
DA:263,9
DA:264,9
DA:267,9
DA:268,9
DA:271,9
DA:272,0
DA:275,9
DA:289,9
DA:292,9
DA:293,0
DA:296,9
DA:298,7
DA:299,0
DA:302,7
DA:305,7
DA:325,7
DA:327,7
DA:335,2
DA:338,2
DA:339,0
DA:346,2
DA:347,0
DA:354,2
LF:105
LH:94
BRDA:29,0,0,0
BRDA:29,0,1,15
BRDA:30,1,0,0
BRDA:30,1,1,15
BRDA:45,2,0,2
BRDA:45,2,1,6
BRDA:45,3,0,8
BRDA:45,3,1,7
BRDA:51,4,0,1
BRDA:51,4,1,5
BRDA:69,5,0,1
BRDA:69,5,1,4
BRDA:74,6,0,3
BRDA:74,6,1,1
BRDA:87,7,0,3
BRDA:87,7,1,1
BRDA:96,8,0,1
BRDA:96,8,1,0
BRDA:107,9,0,1
BRDA:107,9,1,0
BRDA:109,10,0,1
BRDA:109,10,1,0
BRDA:117,11,0,1
BRDA:117,11,1,0
BRDA:146,12,0,1
BRDA:146,12,1,0
BRDA:164,13,0,0
BRDA:164,13,1,1
BRDA:197,14,0,3
BRDA:197,14,1,15
BRDA:197,15,0,18
BRDA:197,15,1,15
BRDA:197,15,2,15
BRDA:207,16,0,4
BRDA:207,16,1,11
BRDA:207,17,0,15
BRDA:207,17,1,13
BRDA:207,17,2,12
BRDA:215,18,0,0
BRDA:215,18,1,11
BRDA:236,19,0,2
BRDA:236,19,1,9
BRDA:271,20,0,0
BRDA:271,20,1,9
BRDA:278,21,0,9
BRDA:278,21,1,2
BRDA:280,22,0,9
BRDA:280,22,1,0
BRDA:292,23,0,0
BRDA:292,23,1,9
BRDA:292,24,0,9
BRDA:292,24,1,9
BRDA:292,24,2,9
BRDA:298,25,0,0
BRDA:298,25,1,7
BRDA:298,26,0,7
BRDA:298,26,1,7
BRDA:313,27,0,7
BRDA:313,27,1,2
BRDA:338,28,0,0
BRDA:338,28,1,2
BRDA:346,29,0,0
BRDA:346,29,1,2
BRDA:346,30,0,2
BRDA:346,30,1,2
BRF:65
BRH:50
end_of_record
TN:
SF:controllers\quitPlanController.js
FN:7,(anonymous_0)
FN:34,(anonymous_1)
FN:122,(anonymous_2)
FNF:3
FNH:3
FNDA:4,(anonymous_0)
FNDA:7,(anonymous_1)
FNDA:3,(anonymous_2)
DA:2,18
DA:4,18
DA:5,18
DA:7,18
DA:8,4
DA:9,4
DA:10,4
DA:19,2
DA:20,1
DA:26,1
DA:29,2
DA:30,2
DA:34,18
DA:35,7
DA:38,7
DA:39,3
DA:42,4
DA:43,4
DA:46,4
DA:47,4
DA:48,4
DA:51,4
DA:52,1
DA:56,3
DA:65,2
DA:81,2
DA:86,2
DA:88,2
DA:90,2
DA:99,2
DA:100,1
DA:113,2
DA:115,1
DA:116,1
DA:122,18
DA:123,3
DA:125,3
DA:126,3
DA:127,3
DA:135,1
DA:137,2
DA:138,2
LF:42
LH:42
BRDA:19,0,0,1
BRDA:19,0,1,1
BRDA:38,1,0,3
BRDA:38,1,1,4
BRDA:38,2,0,7
BRDA:38,2,1,6
BRDA:38,2,2,5
BRDA:51,3,0,1
BRDA:51,3,1,3
BRDA:88,4,0,2
BRDA:88,4,1,0
BRDA:99,5,0,1
BRDA:99,5,1,1
BRF:13
BRH:12
end_of_record
TN:
SF:controllers\resetPassword.js
FN:9,(anonymous_0)
FN:19,(anonymous_1)
FN:43,(anonymous_2)
FN:59,(anonymous_3)
FN:75,(anonymous_4)
FN:83,(anonymous_5)
FN:90,(anonymous_6)
FNF:7
FNH:7
FNDA:3,(anonymous_0)
FNDA:4,(anonymous_1)
FNDA:9,(anonymous_2)
FNDA:4,(anonymous_3)
FNDA:9,(anonymous_4)
FNDA:2,(anonymous_5)
FNDA:4,(anonymous_6)
DA:1,18
DA:2,18
DA:3,18
DA:6,18
DA:9,18
DA:10,3
DA:11,3
DA:14,3
DA:19,18
DA:20,4
DA:21,4
DA:23,4
DA:25,4
DA:26,4
DA:29,4
DA:32,1
DA:33,1
DA:35,1
DA:38,3
DA:39,3
DA:43,18
DA:44,9
DA:45,9
DA:47,9
DA:48,7
DA:49,3
DA:52,4
DA:53,2
DA:55,1
DA:59,18
DA:60,4
DA:61,3
DA:62,3
DA:63,1
DA:64,1
DA:67,2
DA:68,2
DA:75,18
DA:76,9
DA:77,8
DA:80,7
DA:83,18
DA:84,2
DA:85,2
DA:90,18
DA:91,4
DA:92,4
DA:95,4
DA:101,4
DA:102,1
DA:103,1
DA:107,3
DA:115,2
DA:119,18
LF:54
LH:54
BRDA:48,0,0,3
BRDA:48,0,1,4
BRDA:48,1,0,7
BRDA:48,1,1,6
BRDA:48,1,2,5
BRDA:62,2,0,1
BRDA:62,2,1,2
BRDA:101,3,0,1
BRDA:101,3,1,3
BRF:9
BRH:9
end_of_record
TN:
SF:controllers\scheduleController.js
FN:9,parseVietnamTime
FN:17,(anonymous_1)
FN:59,isOverlap
FN:201,(anonymous_3)
FN:219,isOverlap
FN:349,(anonymous_5)
FN:364,(anonymous_6)
FN:401,(anonymous_7)
FN:426,(anonymous_8)
FNF:9
FNH:8
FNDA:0,parseVietnamTime
FNDA:8,(anonymous_1)
FNDA:2,isOverlap
FNDA:5,(anonymous_3)
FNDA:203,isOverlap
FNDA:3,(anonymous_5)
FNDA:5,(anonymous_6)
FNDA:3,(anonymous_7)
FNDA:3,(anonymous_8)
DA:2,32
DA:3,32
DA:6,32
DA:10,0
DA:11,0
DA:12,0
DA:13,0
DA:17,32
DA:18,8
DA:19,8
DA:22,8
DA:23,8
DA:24,8
DA:25,8
DA:26,8
DA:27,8
DA:30,8
DA:31,2
DA:37,6
DA:40,6
DA:44,5
DA:45,1
DA:51,4
DA:52,4
DA:53,4
DA:54,4
DA:55,4
DA:56,4
DA:60,2
DA:65,1
DA:69,4
DA:77,1
DA:80,1
DA:81,1
DA:82,1
DA:83,1
DA:84,1
DA:85,1
DA:86,1
DA:87,1
DA:89,1
DA:90,1
DA:93,0
DA:94,0
DA:96,0
DA:97,0
DA:98,0
DA:99,0
DA:100,0
DA:101,0
DA:104,0
DA:105,0
DA:106,0
DA:109,0
DA:110,0
DA:111,0
DA:112,0
DA:113,0
DA:114,0
DA:115,0
DA:117,0
DA:118,0
DA:119,0
DA:120,0
DA:121,0
DA:122,0
DA:126,0
DA:129,0
DA:130,0
DA:132,0
DA:134,0
DA:138,3
DA:139,3
DA:140,3
DA:141,0
DA:142,0
DA:144,3
DA:145,3
DA:146,3
DA:147,3
DA:148,1
DA:149,1
DA:151,2
DA:152,2
DA:153,0
DA:155,2
DA:156,0
DA:158,1
DA:164,2
DA:166,1
DA:167,1
DA:168,1
DA:169,1
DA:170,1
DA:171,1
DA:176,1
DA:184,0
DA:187,1
DA:195,3
DA:196,3
DA:201,32
DA:202,5
DA:203,5
DA:205,5
DA:206,1
DA:212,4
DA:213,4
DA:214,4
DA:215,4
DA:216,4
DA:217,4
DA:220,203
DA:225,203
DA:228,4
DA:230,206
DA:234,205
DA:235,1
DA:236,1
DA:239,204
DA:240,204
DA:242,204
DA:250,0
DA:252,0
DA:253,0
DA:256,0
DA:257,0
DA:259,0
DA:260,0
DA:261,0
DA:262,0
DA:263,0
DA:264,0
DA:267,0
DA:268,0
DA:269,0
DA:272,0
DA:273,0
DA:274,0
DA:275,0
DA:276,0
DA:277,0
DA:278,0
DA:280,0
DA:281,0
DA:282,0
DA:283,0
DA:284,0
DA:285,0
DA:287,0
DA:288,0
DA:290,0
DA:292,0
DA:296,204
DA:297,204
DA:298,204
DA:299,0
DA:300,0
DA:302,204
DA:303,204
DA:304,204
DA:305,204
DA:306,0
DA:307,0
DA:309,204
DA:310,204
DA:311,1
DA:313,203
DA:314,0
DA:316,203
DA:321,204
DA:322,203
DA:330,203
DA:331,203
DA:335,3
DA:343,1
DA:344,1
DA:349,32
DA:350,3
DA:351,3
DA:352,3
DA:353,3
DA:356,2
DA:358,1
DA:359,1
DA:364,32
DA:365,5
DA:366,5
DA:367,5
DA:369,5
DA:372,5
DA:377,4
DA:378,1
DA:381,3
DA:384,3
DA:385,1
DA:389,2
DA:393,1
DA:395,2
DA:396,2
DA:401,32
DA:402,3
DA:403,3
DA:405,3
DA:406,3
DA:414,2
DA:419,1
DA:420,1
DA:426,32
DA:427,3
DA:428,3
DA:429,3
DA:430,3
DA:433,2
DA:435,1
DA:436,1
LF:215
LH:141
BRDA:6,0,0,32
BRDA:6,0,1,32
BRDA:30,1,0,2
BRDA:30,1,1,6
BRDA:30,2,0,8
BRDA:30,2,1,7
BRDA:30,2,2,2
BRDA:44,3,0,1
BRDA:44,3,1,4
BRDA:69,4,0,1
BRDA:69,4,1,3
BRDA:76,5,0,0
BRDA:89,6,0,1
BRDA:89,6,1,0
BRDA:89,7,0,1
BRDA:89,7,1,0
BRDA:99,8,0,0
BRDA:99,8,1,0
BRDA:119,9,0,0
BRDA:119,9,1,0
BRDA:121,10,0,0
BRDA:121,10,1,0
BRDA:129,11,0,0
BRDA:129,11,1,0
BRDA:138,12,0,3
BRDA:138,12,1,0
BRDA:138,13,0,3
BRDA:138,13,1,3
BRDA:140,14,0,0
BRDA:140,14,1,3
BRDA:140,15,0,3
BRDA:140,15,1,3
BRDA:147,16,0,1
BRDA:147,16,1,2
BRDA:147,17,0,3
BRDA:147,17,1,2
BRDA:152,18,0,0
BRDA:152,18,1,2
BRDA:155,19,0,0
BRDA:155,19,1,1
BRDA:205,20,0,1
BRDA:205,20,1,4
BRDA:205,21,0,5
BRDA:205,21,1,4
BRDA:205,21,2,4
BRDA:234,22,0,1
BRDA:234,22,1,204
BRDA:242,23,0,0
BRDA:242,23,1,204
BRDA:249,24,0,0
BRDA:252,25,0,0
BRDA:252,25,1,0
BRDA:252,26,0,0
BRDA:252,26,1,0
BRDA:262,27,0,0
BRDA:262,27,1,0
BRDA:282,28,0,0
BRDA:282,28,1,0
BRDA:284,29,0,0
BRDA:284,29,1,0
BRDA:287,30,0,0
BRDA:287,30,1,0
BRDA:296,31,0,204
BRDA:296,31,1,0
BRDA:296,32,0,204
BRDA:296,32,1,204
BRDA:298,33,0,0
BRDA:298,33,1,204
BRDA:298,34,0,204
BRDA:298,34,1,204
BRDA:305,35,0,0
BRDA:305,35,1,204
BRDA:305,36,0,204
BRDA:305,36,1,204
BRDA:310,37,0,1
BRDA:310,37,1,203
BRDA:313,38,0,0
BRDA:313,38,1,203
BRDA:377,39,0,1
BRDA:377,39,1,3
BRDA:384,40,0,1
BRDA:384,40,1,2
BRF:82
BRH:49
end_of_record
TN:
SF:controllers\smokingSummaryController.js
FN:4,(anonymous_0)
FN:43,(anonymous_1)
FNF:2
FNH:2
FNDA:5,(anonymous_0)
FNDA:4,(anonymous_1)
DA:1,14
DA:4,14
DA:5,5
DA:6,5
DA:8,5
DA:9,2
DA:15,3
DA:16,3
DA:17,2
DA:32,1
DA:34,2
DA:35,2
DA:43,14
DA:44,4
DA:46,4
DA:47,4
DA:48,3
DA:57,2
DA:59,2
DA:60,2
DA:65,14
LF:21
LH:21
BRDA:8,0,0,2
BRDA:8,0,1,3
BRDA:8,1,0,5
BRDA:8,1,1,4
BRF:4
BRH:4
end_of_record
TN:
SF:controllers\subscriptionController.js
FN:9,(anonymous_0)
FN:27,(anonymous_1)
FN:49,(anonymous_2)
FN:76,(anonymous_3)
FN:167,(anonymous_4)
FN:203,(anonymous_5)
FN:245,(anonymous_6)
FN:299,(anonymous_7)
FN:351,(anonymous_8)
FNF:9
FNH:9
FNDA:10,(anonymous_0)
FNDA:17778,(anonymous_1)
FNDA:11,(anonymous_2)
FNDA:3,(anonymous_3)
FNDA:19,(anonymous_4)
FNDA:4,(anonymous_5)
FNDA:21,(anonymous_6)
FNDA:9,(anonymous_7)
FNDA:5,(anonymous_8)
DA:3,5
DA:4,5
DA:9,5
DA:10,10
DA:11,10
DA:12,10
DA:27,17778
DA:39,10
DA:41,0
DA:42,0
DA:49,5
DA:50,11
DA:51,11
DA:52,11
DA:54,11
DA:72,11
DA:73,8
DA:76,3
DA:77,3
DA:78,3
DA:79,3
DA:89,3
DA:90,3
DA:93,3
DA:94,3
DA:95,3
DA:96,3
DA:98,3
DA:99,0
DA:100,0
DA:101,0
DA:104,0
DA:105,0
DA:106,0
DA:109,3
DA:110,0
DA:112,0
DA:113,0
DA:116,0
DA:117,0
DA:119,0
DA:120,0
DA:123,0
DA:124,0
DA:127,0
DA:128,0
DA:132,3
DA:133,3
DA:134,3
DA:136,3
DA:137,3
DA:138,3
DA:140,3
DA:141,3
DA:142,3
DA:144,3
DA:159,0
DA:160,0
DA:167,5
DA:168,19
DA:169,19
DA:170,19
DA:172,19
DA:193,19
DA:195,0
DA:196,0
DA:203,5
DA:204,4
DA:205,4
DA:206,4
DA:207,4
DA:218,4
DA:219,3
DA:222,1
DA:223,1
DA:224,1
DA:226,1
DA:227,1
DA:228,1
DA:229,1
DA:230,1
DA:231,1
DA:232,1
DA:235,1
DA:237,0
DA:238,0
DA:245,5
DA:249,21
DA:253,21
DA:254,21
DA:257,21
DA:258,21
DA:259,21
DA:260,21
DA:261,21
DA:268,21
DA:269,21
DA:288,15
DA:289,15
DA:291,6
DA:292,6
DA:299,5
DA:300,9
DA:304,9
DA:308,9
DA:309,9
DA:312,9
DA:313,9
DA:314,9
DA:315,9
DA:318,9
DA:342,4
DA:344,5
DA:345,5
DA:351,5
DA:352,5
DA:353,5
DA:354,5
DA:355,5
DA:362,3
DA:364,2
DA:365,2
LF:122
LH:97
BRDA:72,0,0,8
BRDA:72,0,1,3
BRDA:85,1,0,3
BRDA:85,1,1,0
BRDA:98,2,0,0
BRDA:98,2,1,3
BRDA:112,3,0,0
BRDA:112,3,1,0
BRDA:112,4,0,0
BRDA:112,4,1,0
BRDA:127,5,0,0
BRDA:127,5,1,0
BRDA:127,6,0,0
BRDA:127,6,1,0
BRDA:127,6,2,0
BRDA:151,7,0,3
BRDA:151,7,1,0
BRDA:218,8,0,3
BRDA:218,8,1,1
BRDA:227,9,0,0
BRDA:227,9,1,1
BRDA:229,10,0,0
BRDA:229,10,1,1
BRDA:230,11,0,1
BRDA:230,11,1,0
BRDA:257,12,0,21
BRDA:257,12,1,4
BRDA:271,13,0,18
BRDA:271,13,1,18
BRDA:312,14,0,9
BRDA:312,14,1,5
BRDA:321,15,0,6
BRDA:321,15,1,6
BRF:33
BRH:18
end_of_record
TN:
SF:controllers\taskController.js
FN:4,(anonymous_0)
FN:34,(anonymous_1)
FN:80,(anonymous_2)
FN:131,(anonymous_3)
FN:156,(anonymous_4)
FN:176,(anonymous_5)
FN:194,(anonymous_6)
FN:212,(anonymous_7)
FN:231,(anonymous_8)
FN:253,(anonymous_9)
FNF:10
FNH:10
FNDA:4,(anonymous_0)
FNDA:5,(anonymous_1)
FNDA:4,(anonymous_2)
FNDA:4,(anonymous_3)
FNDA:3,(anonymous_4)
FNDA:3,(anonymous_5)
FNDA:1,(anonymous_6)
FNDA:3,(anonymous_7)
FNDA:4,(anonymous_8)
FNDA:2,(anonymous_9)
DA:1,31
DA:4,31
DA:5,4
DA:7,4
DA:8,4
DA:9,3
DA:11,3
DA:16,3
DA:17,1
DA:18,1
DA:21,3
DA:23,3
DA:24,2
DA:26,2
DA:27,2
DA:34,31
DA:35,5
DA:37,5
DA:38,1
DA:43,4
DA:44,4
DA:46,3
DA:55,2
DA:56,2
DA:57,2
DA:58,2
DA:60,2
DA:72,1
DA:74,3
DA:75,3
DA:80,31
DA:81,4
DA:83,4
DA:85,4
DA:93,1
DA:98,3
DA:99,3
DA:101,2
DA:119,1
DA:123,2
DA:124,2
DA:131,31
DA:132,4
DA:134,4
DA:135,1
DA:140,3
DA:141,3
DA:143,2
DA:148,1
DA:150,2
DA:151,2
DA:156,31
DA:157,3
DA:158,3
DA:160,2
DA:166,1
DA:168,2
DA:169,2
DA:176,31
DA:177,3
DA:178,3
DA:180,2
DA:194,1
DA:202,1
DA:204,2
DA:205,2
DA:212,31
DA:213,3
DA:214,3
DA:216,2
DA:230,1
DA:231,1
DA:232,4
DA:233,3
DA:241,4
DA:242,3
DA:243,2
DA:245,3
DA:252,1
DA:253,2
DA:256,1
DA:258,2
DA:259,2
LF:83
LH:83
BRDA:16,0,0,1
BRDA:16,0,1,2
BRDA:37,1,0,1
BRDA:37,1,1,4
BRDA:37,2,0,5
BRDA:37,2,1,5
BRDA:37,2,2,5
BRDA:85,3,0,1
BRDA:85,3,1,3
BRDA:86,4,0,4
BRDA:86,4,1,4
BRDA:86,4,2,4
BRDA:86,4,3,4
BRDA:86,4,4,4
BRDA:86,4,5,4
BRDA:134,5,0,1
BRDA:134,5,1,3
BRDA:232,6,0,3
BRDA:232,6,1,1
BRDA:241,7,0,3
BRDA:241,7,1,1
BRDA:241,8,0,4
BRDA:241,8,1,3
BRDA:242,9,0,2
BRDA:242,9,1,1
BRF:25
BRH:25
end_of_record
TN:
SF:controllers\topicChatController.js
FN:3,(anonymous_0)
FN:22,(anonymous_1)
FN:37,(anonymous_2)
FN:77,(anonymous_3)
FNF:4
FNH:4
FNDA:3,(anonymous_0)
FNDA:4,(anonymous_1)
FNDA:5,(anonymous_2)
FNDA:4,(anonymous_3)
DA:1,21
DA:3,21
DA:4,3
DA:5,3
DA:6,3
DA:8,3
DA:9,2
DA:15,1
DA:17,2
DA:18,2
DA:22,21
DA:23,4
DA:24,4
DA:25,3
DA:30,2
DA:32,2
DA:33,2
DA:37,21
DA:38,5
DA:39,5
DA:40,5
DA:42,5
DA:45,4
DA:49,3
DA:52,3
DA:57,2
DA:60,2
DA:61,2
DA:70,2
DA:72,3
DA:73,3
DA:77,21
DA:78,4
DA:79,4
DA:80,4
DA:82,3
DA:90,2
DA:92,2
DA:93,2
LF:39
LH:39
BRDA:49,0,0,3
BRDA:49,0,1,1
BRDA:60,1,0,2
BRDA:60,1,1,0
BRF:4
BRH:3
end_of_record
TN:
SF:controllers\userController.js
FN:5,getMe
FN:35,(anonymous_1)
FNF:2
FNH:2
FNDA:3,getMe
FNDA:5,(anonymous_1)
DA:2,6
DA:3,6
DA:6,3
DA:7,3
DA:8,3
DA:10,3
DA:22,2
DA:23,1
DA:26,1
DA:27,1
DA:29,1
DA:30,1
DA:35,6
DA:36,5
DA:37,5
DA:39,5
DA:40,5
DA:41,5
DA:43,5
DA:45,5
DA:46,2
DA:47,2
DA:49,5
DA:50,4
DA:51,4
DA:53,5
DA:54,1
DA:55,1
DA:57,5
DA:58,1
DA:59,1
DA:62,5
DA:63,1
DA:66,4
DA:72,4
DA:74,3
DA:76,1
DA:77,1
DA:81,6
LF:39
LH:39
BRDA:22,0,0,1
BRDA:22,0,1,1
BRDA:45,1,0,2
BRDA:45,1,1,3
BRDA:45,2,0,5
BRDA:45,2,1,3
BRDA:49,3,0,4
BRDA:49,3,1,1
BRDA:53,4,0,1
BRDA:53,4,1,4
BRDA:57,5,0,1
BRDA:57,5,1,4
BRDA:62,6,0,1
BRDA:62,6,1,4
BRF:14
BRH:14
end_of_record
TN:
SF:controllers\userScoreController.js
FN:4,(anonymous_0)
FN:26,(anonymous_1)
FN:39,(anonymous_2)
FN:62,(anonymous_3)
FN:73,(anonymous_4)
FNF:5
FNH:4
FNDA:2,(anonymous_0)
FNDA:2,(anonymous_1)
FNDA:2,(anonymous_2)
FNDA:0,(anonymous_3)
FNDA:8,(anonymous_4)
DA:2,6
DA:4,6
DA:5,2
DA:6,2
DA:7,1
DA:26,2
DA:31,1
DA:33,1
DA:34,1
DA:39,6
DA:40,2
DA:41,2
DA:42,2
DA:43,1
DA:62,1
DA:64,1
DA:66,0
DA:68,1
DA:69,1
DA:73,6
DA:74,8
DA:75,8
DA:76,1
DA:78,7
DA:79,7
DA:82,7
DA:89,6
DA:92,6
DA:99,5
DA:100,5
DA:101,5
DA:103,5
DA:106,5
DA:107,5
DA:108,5
DA:109,5
DA:112,5
DA:122,4
DA:124,3
DA:125,3
DA:129,6
LF:41
LH:40
BRDA:64,0,0,1
BRDA:64,0,1,0
BRDA:74,1,0,8
BRDA:74,1,1,3
BRDA:74,1,2,2
BRDA:75,2,0,1
BRDA:75,2,1,7
BRDA:99,3,0,5
BRDA:99,3,1,1
BRDA:107,4,0,0
BRDA:107,4,1,5
BRDA:108,5,0,0
BRDA:108,5,1,5
BRDA:109,6,0,0
BRDA:109,6,1,5
BRF:15
BRH:11
end_of_record
TN:
SF:controllers\userStatsController.js
FN:4,(anonymous_0)
FN:63,(anonymous_1)
FN:76,(anonymous_2)
FN:109,(anonymous_3)
FN:127,(anonymous_4)
FN:149,(anonymous_5)
FNF:6
FNH:6
FNDA:7,(anonymous_0)
FNDA:6,(anonymous_1)
FNDA:6,(anonymous_2)
FNDA:4,(anonymous_3)
FNDA:3,(anonymous_4)
FNDA:7,(anonymous_5)
DA:1,6
DA:4,6
DA:5,7
DA:6,7
DA:9,7
DA:16,7
DA:17,7
DA:20,6
DA:29,6
DA:30,1
DA:33,5
DA:34,5
DA:37,5
DA:45,5
DA:46,1
DA:49,4
DA:52,4
DA:62,4
DA:63,4
DA:64,6
DA:65,6
DA:68,4
DA:70,1
DA:71,1
DA:76,6
DA:77,6
DA:79,6
DA:80,6
DA:82,5
DA:86,5
DA:87,1
DA:89,4
DA:91,4
DA:95,4
DA:97,4
DA:103,1
DA:104,1
DA:109,6
DA:110,4
DA:112,4
DA:113,4
DA:115,3
DA:119,3
DA:121,1
DA:122,1
DA:127,6
DA:128,3
DA:130,3
DA:131,3
DA:133,2
DA:142,2
DA:144,1
DA:145,1
DA:149,6
DA:150,7
DA:152,7
DA:153,7
DA:156,6
DA:164,6
DA:165,1
DA:168,5
DA:169,5
DA:170,5
DA:173,5
DA:174,1
DA:177,4
DA:180,4
DA:192,4
DA:193,4
DA:194,4
DA:196,4
DA:198,1
DA:199,1
LF:73
LH:73
BRDA:29,0,0,1
BRDA:29,0,1,5
BRDA:34,1,0,5
BRDA:34,1,1,1
BRDA:45,2,0,1
BRDA:45,2,1,4
BRDA:86,3,0,1
BRDA:86,3,1,4
BRDA:95,4,0,4
BRDA:95,4,1,2
BRDA:100,5,0,4
BRDA:100,5,1,1
BRDA:119,6,0,3
BRDA:119,6,1,2
BRDA:164,7,0,1
BRDA:164,7,1,5
BRDA:173,8,0,1
BRDA:173,8,1,4
BRF:18
BRH:18
end_of_record
