TN:
SF:controllers\achievementController.js
FN:5,(anonymous_0)
FN:22,(anonymous_1)
FN:39,(anonymous_2)
FN:51,(anonymous_3)
FN:74,(anonymous_4)
FN:115,(anonymous_5)
FN:163,(anonymous_6)
FNF:7
FNH:7
FNDA:2,(anonymous_0)
FNDA:2,(anonymous_1)
FNDA:2,(anonymous_2)
FNDA:3,(anonymous_3)
FNDA:3,(anonymous_4)
FNDA:4,(anonymous_5)
FNDA:3,(anonymous_6)
DA:2,6
DA:5,6
DA:6,2
DA:7,2
DA:8,2
DA:14,1
DA:16,1
DA:17,1
DA:22,6
DA:23,2
DA:24,2
DA:25,2
DA:26,2
DA:39,2
DA:43,1
DA:45,1
DA:46,1
DA:51,6
DA:52,3
DA:53,3
DA:54,3
DA:55,3
DA:63,2
DA:64,1
DA:66,1
DA:68,1
DA:69,1
DA:74,6
DA:83,3
DA:86,3
DA:88,3
DA:89,3
DA:90,3
DA:107,2
DA:109,1
DA:110,1
DA:115,6
DA:116,4
DA:125,4
DA:128,4
DA:130,4
DA:131,4
DA:132,4
DA:152,3
DA:153,1
DA:155,2
DA:157,1
DA:158,1
DA:163,6
DA:164,3
DA:165,3
DA:166,3
DA:167,3
DA:173,2
DA:174,1
DA:176,1
DA:178,1
DA:179,1
LF:58
LH:58
BRDA:63,0,0,1
BRDA:63,0,1,1
BRDA:86,1,0,3
BRDA:86,1,1,1
BRDA:128,2,0,4
BRDA:128,2,1,1
BRDA:152,3,0,1
BRDA:152,3,1,2
BRDA:173,4,0,1
BRDA:173,4,1,1
BRF:10
BRH:10
end_of_record
TN:
SF:controllers\adminController.js
FN:8,(anonymous_0)
FN:69,(anonymous_1)
FN:94,(anonymous_2)
FN:143,(anonymous_3)
FN:169,(anonymous_4)
FN:195,(anonymous_5)
FN:215,(anonymous_6)
FNF:7
FNH:7
FNDA:2,(anonymous_0)
FNDA:2,(anonymous_1)
FNDA:2,(anonymous_2)
FNDA:2,(anonymous_3)
FNDA:2,(anonymous_4)
FNDA:2,(anonymous_5)
FNDA:2,(anonymous_6)
DA:2,6
DA:3,6
DA:4,6
DA:5,6
DA:8,6
DA:9,2
DA:12,2
DA:14,2
DA:15,2
DA:18,2
DA:38,1
DA:41,1
DA:49,1
DA:56,1
DA:63,1
DA:64,1
DA:69,6
DA:70,2
DA:71,2
DA:72,2
DA:82,1
DA:88,1
DA:89,1
DA:94,6
DA:95,2
DA:96,2
DA:100,2
DA:102,2
DA:105,2
DA:117,1
DA:131,1
DA:137,1
DA:138,1
DA:143,6
DA:144,2
DA:145,2
DA:146,2
DA:149,2
DA:157,1
DA:163,1
DA:164,1
DA:169,6
DA:170,2
DA:171,2
DA:172,2
DA:175,2
DA:183,1
DA:189,1
DA:190,1
DA:195,6
DA:196,2
DA:197,2
DA:199,2
DA:207,1
DA:209,1
DA:210,1
DA:215,6
DA:216,2
DA:217,2
DA:219,2
DA:232,1
DA:234,1
DA:235,1
LF:63
LH:63
BRF:0
BRH:0
end_of_record
TN:
SF:controllers\adminMemberController.js
FN:5,(anonymous_0)
FN:24,(anonymous_1)
FN:54,(anonymous_2)
FN:72,(anonymous_3)
FN:90,(anonymous_4)
FNF:5
FNH:5
FNDA:2,(anonymous_0)
FNDA:2,(anonymous_1)
FNDA:2,(anonymous_2)
FNDA:2,(anonymous_3)
FNDA:2,(anonymous_4)
DA:1,6
DA:2,6
DA:5,6
DA:6,2
DA:7,2
DA:8,2
DA:16,1
DA:18,1
DA:19,1
DA:24,6
DA:25,2
DA:26,2
DA:28,2
DA:29,2
DA:30,2
DA:46,1
DA:48,1
DA:49,1
DA:54,6
DA:55,2
DA:56,2
DA:57,2
DA:58,2
DA:64,1
DA:66,1
DA:67,1
DA:72,6
DA:73,2
DA:74,2
DA:75,2
DA:76,2
DA:82,1
DA:84,1
DA:85,1
DA:90,6
DA:91,2
DA:92,2
DA:93,2
DA:94,2
DA:100,1
DA:102,1
DA:103,1
LF:42
LH:42
BRF:0
BRH:0
end_of_record
TN:
SF:controllers\adminStatController.js
FN:3,(anonymous_0)
FN:20,(anonymous_1)
FN:49,(anonymous_2)
FN:56,(anonymous_3)
FN:66,(anonymous_4)
FN:99,(anonymous_5)
FN:100,(anonymous_6)
FN:110,(anonymous_7)
FN:124,(anonymous_8)
FN:125,(anonymous_9)
FN:134,(anonymous_10)
FN:146,(anonymous_11)
FN:147,(anonymous_12)
FN:155,(anonymous_13)
FN:171,(anonymous_14)
FN:202,(anonymous_15)
FN:217,(anonymous_16)
FN:238,(anonymous_17)
FN:268,(anonymous_18)
FN:269,(anonymous_19)
FN:279,(anonymous_20)
FN:299,(anonymous_21)
FN:326,(anonymous_22)
FN:351,(anonymous_23)
FN:352,(anonymous_24)
FN:363,(anonymous_25)
FN:365,getStartOfCurrentWeek
FNF:27
FNH:27
FNDA:2,(anonymous_0)
FNDA:3,(anonymous_1)
FNDA:4,(anonymous_2)
FNDA:14,(anonymous_3)
FNDA:2,(anonymous_4)
FNDA:5,(anonymous_5)
FNDA:5,(anonymous_6)
FNDA:3,(anonymous_7)
FNDA:3,(anonymous_8)
FNDA:3,(anonymous_9)
FNDA:3,(anonymous_10)
FNDA:3,(anonymous_11)
FNDA:3,(anonymous_12)
FNDA:3,(anonymous_13)
FNDA:3,(anonymous_14)
FNDA:2,(anonymous_15)
FNDA:6,(anonymous_16)
FNDA:30,(anonymous_17)
FNDA:5,(anonymous_18)
FNDA:5,(anonymous_19)
FNDA:5,(anonymous_20)
FNDA:3,(anonymous_21)
FNDA:3,(anonymous_22)
FNDA:3,(anonymous_23)
FNDA:3,(anonymous_24)
FNDA:3,(anonymous_25)
FNDA:3,getStartOfCurrentWeek
DA:1,6
DA:3,6
DA:4,2
DA:5,2
DA:6,2
DA:11,1
DA:13,1
DA:14,1
DA:20,6
DA:21,3
DA:22,3
DA:24,3
DA:39,2
DA:40,2
DA:41,2
DA:42,14
DA:43,14
DA:44,14
DA:48,2
DA:49,2
DA:50,4
DA:51,4
DA:55,2
DA:56,14
DA:58,2
DA:60,1
DA:61,1
DA:66,6
DA:67,2
DA:68,2
DA:69,2
DA:99,5
DA:100,5
DA:102,1
DA:104,1
DA:105,1
DA:110,6
DA:111,3
DA:112,3
DA:113,3
DA:124,3
DA:125,3
DA:126,2
DA:128,1
DA:129,1
DA:134,6
DA:135,3
DA:136,3
DA:137,3
DA:146,3
DA:147,3
DA:148,2
DA:150,1
DA:151,1
DA:155,6
DA:156,3
DA:157,3
DA:158,3
DA:163,2
DA:165,1
DA:166,1
DA:171,6
DA:172,3
DA:173,3
DA:174,3
DA:175,3
DA:193,2
DA:194,2
DA:195,2
DA:196,2
DA:197,8
DA:198,8
DA:199,8
DA:202,2
DA:203,2
DA:204,2
DA:207,2
DA:212,1
DA:213,1
DA:217,6
DA:218,6
DA:219,6
DA:220,6
DA:223,6
DA:224,6
DA:226,6
DA:227,30
DA:228,30
DA:230,30
DA:231,30
DA:233,30
DA:237,6
DA:239,30
DA:253,29
DA:261,29
DA:268,5
DA:269,5
DA:271,1
DA:273,5
DA:274,5
DA:279,6
DA:280,5
DA:281,5
DA:282,5
DA:283,5
DA:298,4
DA:299,4
DA:300,3
DA:303,2
DA:321,3
DA:322,3
DA:326,6
DA:327,3
DA:328,3
DA:330,3
DA:331,3
DA:349,2
DA:351,3
DA:352,2
DA:353,3
DA:356,2
DA:358,1
DA:359,1
DA:363,6
DA:366,3
DA:367,3
DA:369,3
DA:370,3
DA:371,3
DA:373,3
DA:374,3
DA:376,3
DA:377,3
DA:381,0
DA:384,3
DA:385,3
DA:386,3
DA:388,3
DA:393,3
DA:394,3
DA:417,2
DA:418,2
DA:425,1
DA:426,1
DA:430,6
LF:145
LH:144
BRDA:56,0,0,14
BRDA:56,0,1,10
BRDA:263,1,0,29
BRDA:263,1,1,1
BRDA:376,2,0,3
BRDA:376,2,1,0
BRDA:376,3,0,3
BRDA:376,3,1,3
BRDA:385,4,0,3
BRDA:385,4,1,3
BRDA:419,5,0,2
BRDA:419,5,1,1
BRDA:420,6,0,2
BRDA:420,6,1,1
BRDA:421,7,0,2
BRDA:421,7,1,1
BRDA:422,8,0,2
BRDA:422,8,1,1
BRF:18
BRH:17
end_of_record
TN:
SF:controllers\appointmentController.js
FN:5,(anonymous_0)
FN:122,(anonymous_1)
FN:178,(anonymous_2)
FN:223,(anonymous_3)
FN:239,(anonymous_4)
FN:300,(anonymous_5)
FN:328,(anonymous_6)
FN:345,(anonymous_7)
FN:377,(anonymous_8)
FN:411,(anonymous_9)
FN:453,(anonymous_10)
FN:492,(anonymous_11)
FNF:12
FNH:11
FNDA:7,(anonymous_0)
FNDA:5,(anonymous_1)
FNDA:3,(anonymous_2)
FNDA:2,(anonymous_3)
FNDA:6,(anonymous_4)
FNDA:2,(anonymous_5)
FNDA:2,(anonymous_6)
FNDA:1,(anonymous_7)
FNDA:3,(anonymous_8)
FNDA:4,(anonymous_9)
FNDA:3,(anonymous_10)
FNDA:0,(anonymous_11)
DA:2,6
DA:5,6
DA:6,7
DA:7,7
DA:8,7
DA:10,7
DA:13,7
DA:14,7
DA:15,7
DA:17,7
DA:29,6
DA:30,6
DA:31,1
DA:38,5
DA:42,5
DA:43,1
DA:46,4
DA:48,4
DA:50,4
DA:51,4
DA:52,4
DA:54,4
DA:55,1
DA:60,3
DA:63,3
DA:66,3
DA:79,3
DA:80,1
DA:86,2
DA:99,2
DA:103,2
DA:104,1
DA:110,2
DA:114,2
DA:116,1
DA:117,1
DA:122,6
DA:123,5
DA:124,5
DA:125,5
DA:126,5
DA:128,5
DA:131,5
DA:135,5
DA:136,2
DA:139,3
DA:140,3
DA:143,3
DA:147,3
DA:150,3
DA:159,3
DA:169,3
DA:171,0
DA:172,0
DA:178,6
DA:179,3
DA:180,3
DA:181,3
DA:182,3
DA:185,3
DA:186,3
DA:187,3
DA:189,3
DA:191,3
DA:195,3
DA:197,3
DA:198,1
DA:201,2
DA:202,2
DA:204,2
DA:208,2
DA:215,2
DA:217,0
DA:218,0
DA:223,6
DA:224,2
DA:225,2
DA:226,2
DA:227,2
DA:231,2
DA:233,0
DA:234,0
DA:239,6
DA:240,6
DA:241,6
DA:242,6
DA:243,6
DA:246,6
DA:250,6
DA:251,6
DA:252,2
DA:256,4
DA:257,4
DA:258,4
DA:259,4
DA:261,4
DA:262,1
DA:268,3
DA:273,3
DA:274,2
DA:276,2
DA:286,3
DA:291,3
DA:293,0
DA:294,0
DA:300,6
DA:301,2
DA:302,2
DA:303,2
DA:305,2
DA:320,1
DA:322,1
DA:323,1
DA:328,6
DA:329,2
DA:330,2
DA:331,2
DA:332,2
DA:336,1
DA:338,1
DA:339,1
DA:345,6
DA:346,1
DA:347,1
DA:348,1
DA:349,1
DA:351,1
DA:352,1
DA:366,1
DA:368,1
DA:370,0
DA:371,0
DA:377,6
DA:378,3
DA:379,3
DA:380,3
DA:381,3
DA:383,3
DA:386,3
DA:390,3
DA:391,1
DA:394,2
DA:403,2
DA:405,0
DA:406,0
DA:411,6
DA:412,4
DA:413,4
DA:414,4
DA:416,4
DA:419,4
DA:423,4
DA:424,4
DA:426,4
DA:427,1
DA:431,3
DA:432,1
DA:435,2
DA:436,2
DA:437,1
DA:440,1
DA:449,1
DA:453,6
DA:454,3
DA:455,3
DA:457,3
DA:460,3
DA:465,3
DA:466,1
DA:469,2
DA:470,2
DA:473,2
DA:474,1
DA:477,1
DA:488,1
DA:492,6
DA:493,0
DA:494,0
DA:495,0
DA:496,0
DA:498,0
DA:499,0
DA:514,0
DA:516,0
DA:517,0
LF:185
LH:164
BRDA:30,0,0,1
BRDA:30,0,1,5
BRDA:42,1,0,1
BRDA:42,1,1,4
BRDA:54,2,0,1
BRDA:54,2,1,3
BRDA:79,3,0,1
BRDA:79,3,1,2
BRDA:103,4,0,1
BRDA:103,4,1,1
BRDA:125,5,0,1
BRDA:125,5,1,4
BRDA:125,6,0,5
BRDA:125,6,1,4
BRDA:135,7,0,2
BRDA:135,7,1,3
BRDA:135,8,0,5
BRDA:135,8,1,4
BRDA:140,9,0,0
BRDA:140,9,1,3
BRDA:147,10,0,3
BRDA:147,10,1,1
BRDA:181,11,0,1
BRDA:181,11,1,2
BRDA:181,12,0,3
BRDA:181,12,1,3
BRDA:197,13,0,1
BRDA:197,13,1,2
BRDA:197,14,0,3
BRDA:197,14,1,3
BRDA:202,15,0,0
BRDA:202,15,1,2
BRDA:251,16,0,2
BRDA:251,16,1,4
BRDA:251,17,0,6
BRDA:251,17,1,5
BRDA:261,18,0,1
BRDA:261,18,1,3
BRDA:273,19,0,2
BRDA:273,19,1,1
BRDA:280,20,0,2
BRDA:280,20,1,0
BRDA:390,21,0,1
BRDA:390,21,1,2
BRDA:390,22,0,3
BRDA:390,22,1,3
BRDA:396,23,0,2
BRDA:396,23,1,1
BRDA:426,24,0,1
BRDA:426,24,1,3
BRDA:426,25,0,4
BRDA:426,25,1,4
BRDA:431,26,0,1
BRDA:431,26,1,2
BRDA:436,27,0,1
BRDA:436,27,1,1
BRDA:465,28,0,1
BRDA:465,28,1,2
BRDA:473,29,0,1
BRDA:473,29,1,1
BRF:60
BRH:57
end_of_record
TN:
SF:controllers\authController.js
FN:7,(anonymous_0)
FN:21,(anonymous_1)
FN:50,(anonymous_2)
FN:133,(anonymous_3)
FN:198,(anonymous_4)
FN:206,(anonymous_5)
FN:248,(anonymous_6)
FN:253,(anonymous_7)
FNF:8
FNH:8
FNDA:8,(anonymous_0)
FNDA:5,(anonymous_1)
FNDA:13,(anonymous_2)
FNDA:12,(anonymous_3)
FNDA:3,(anonymous_4)
FNDA:3,(anonymous_5)
FNDA:3,(anonymous_6)
FNDA:2,(anonymous_7)
DA:2,5
DA:3,5
DA:4,5
DA:7,5
DA:8,8
DA:21,5
DA:22,5
DA:29,5
DA:36,5
DA:50,5
DA:51,13
DA:52,13
DA:55,13
DA:56,6
DA:60,7
DA:61,7
DA:62,2
DA:65,5
DA:66,5
DA:67,1
DA:71,4
DA:72,1
DA:75,3
DA:78,2
DA:82,2
DA:83,1
DA:87,1
DA:88,1
DA:89,1
DA:92,1
DA:108,1
DA:110,1
DA:116,1
DA:127,1
DA:128,1
DA:133,5
DA:134,12
DA:135,12
DA:136,12
DA:137,3
DA:142,9
DA:143,8
DA:155,8
DA:156,2
DA:161,6
DA:162,6
DA:166,6
DA:167,5
DA:169,1
DA:172,6
DA:173,1
DA:177,5
DA:178,2
DA:182,2
DA:183,1
DA:188,5
DA:190,1
DA:191,1
DA:198,5
DA:199,3
DA:206,5
DA:207,3
DA:208,3
DA:209,3
DA:211,3
DA:212,3
DA:213,1
DA:214,1
DA:215,1
DA:216,1
DA:220,2
DA:221,2
DA:230,1
DA:231,1
DA:234,1
DA:235,1
DA:238,1
DA:241,1
DA:242,1
DA:243,1
DA:248,5
DA:249,3
DA:252,3
DA:253,2
DA:254,2
DA:255,1
DA:256,1
DA:259,1
DA:260,1
DA:264,1
DA:268,5
LF:91
LH:91
BRDA:13,0,0,8
BRDA:13,0,1,1
BRDA:16,1,0,8
BRDA:16,1,1,0
BRDA:23,2,0,5
BRDA:23,2,1,0
BRDA:25,3,0,5
BRDA:25,3,1,0
BRDA:26,4,0,5
BRDA:26,4,1,0
BRDA:40,5,0,5
BRDA:40,5,1,0
BRDA:42,6,0,5
BRDA:42,6,1,0
BRDA:43,7,0,5
BRDA:43,7,1,0
BRDA:55,8,0,6
BRDA:55,8,1,7
BRDA:55,9,0,13
BRDA:55,9,1,11
BRDA:55,9,2,9
BRDA:55,9,3,8
BRDA:61,10,0,2
BRDA:61,10,1,5
BRDA:66,11,0,1
BRDA:66,11,1,4
BRDA:71,12,0,1
BRDA:71,12,1,3
BRDA:82,13,0,1
BRDA:82,13,1,1
BRDA:136,14,0,3
BRDA:136,14,1,9
BRDA:136,15,0,12
BRDA:136,15,1,10
BRDA:155,16,0,2
BRDA:155,16,1,6
BRDA:166,17,0,5
BRDA:166,17,1,1
BRDA:166,18,0,6
BRDA:166,18,1,6
BRDA:172,19,0,1
BRDA:172,19,1,5
BRDA:177,20,0,2
BRDA:177,20,1,3
BRDA:182,21,0,1
BRDA:182,21,1,1
BRDA:212,22,0,1
BRDA:212,22,1,2
BRDA:214,23,0,1
BRDA:214,23,1,0
BRDA:234,24,0,1
BRDA:234,24,1,0
BRDA:242,25,0,1
BRDA:242,25,1,0
BRDA:252,26,0,2
BRDA:252,26,1,1
BRDA:254,27,0,1
BRDA:254,27,1,1
BRF:58
BRH:48
end_of_record
TN:
SF:controllers\chatController.js
FN:6,(anonymous_0)
FN:86,(anonymous_1)
FN:142,(anonymous_2)
FN:167,(anonymous_3)
FNF:4
FNH:0
FNDA:0,(anonymous_0)
FNDA:0,(anonymous_1)
FNDA:0,(anonymous_2)
FNDA:0,(anonymous_3)
DA:2,5
DA:3,5
DA:6,5
DA:8,0
DA:9,0
DA:10,0
DA:11,0
DA:12,0
DA:13,0
DA:14,0
DA:16,0
DA:17,0
DA:20,0
DA:23,0
DA:24,0
DA:26,0
DA:27,0
DA:28,0
DA:29,0
DA:30,0
DA:32,0
DA:36,0
DA:39,0
DA:44,0
DA:45,0
DA:47,0
DA:50,0
DA:63,0
DA:65,0
DA:66,0
DA:76,0
DA:79,0
DA:80,0
DA:86,5
DA:87,0
DA:88,0
DA:89,0
DA:90,0
DA:92,0
DA:94,0
DA:97,0
DA:98,0
DA:100,0
DA:101,0
DA:102,0
DA:103,0
DA:104,0
DA:106,0
DA:109,0
DA:111,0
DA:116,0
DA:118,0
DA:119,0
DA:120,0
DA:123,0
DA:125,0
DA:134,0
DA:136,0
DA:137,0
DA:142,5
DA:143,0
DA:144,0
DA:145,0
DA:147,0
DA:148,0
DA:159,0
DA:161,0
DA:162,0
DA:167,5
DA:168,0
DA:169,0
DA:170,0
DA:172,0
DA:173,0
DA:174,0
DA:175,0
DA:185,0
DA:186,0
DA:188,0
DA:190,0
DA:200,0
DA:203,0
DA:204,0
DA:206,0
DA:207,0
LF:85
LH:6
BRDA:13,0,0,0
BRDA:13,0,1,0
BRDA:14,1,0,0
BRDA:14,1,1,0
BRDA:16,2,0,0
BRDA:16,2,1,0
BRDA:16,3,0,0
BRDA:16,3,1,0
BRDA:23,4,0,0
BRDA:23,4,1,0
BRDA:28,5,0,0
BRDA:28,5,1,0
BRDA:44,6,0,0
BRDA:44,6,1,0
BRDA:65,7,0,0
BRDA:65,7,1,0
BRDA:97,8,0,0
BRDA:97,8,1,0
BRDA:102,9,0,0
BRDA:102,9,1,0
BRDA:118,10,0,0
BRDA:118,10,1,0
BRDA:174,11,0,0
BRDA:174,11,1,0
BRDA:185,12,0,0
BRDA:185,12,1,0
BRF:26
BRH:0
end_of_record
TN:
SF:controllers\coachController.js
FN:5,(anonymous_0)
FN:41,(anonymous_1)
FN:67,(anonymous_2)
FNF:3
FNH:0
FNDA:0,(anonymous_0)
FNDA:0,(anonymous_1)
FNDA:0,(anonymous_2)
DA:2,5
DA:5,5
DA:6,0
DA:7,0
DA:8,0
DA:10,0
DA:11,0
DA:14,0
DA:17,0
DA:21,0
DA:22,0
DA:25,0
DA:28,0
DA:33,0
DA:35,0
DA:36,0
DA:41,5
DA:42,0
DA:43,0
DA:44,0
DA:56,0
DA:61,0
DA:62,0
DA:67,5
DA:68,0
DA:69,0
DA:70,0
DA:71,0
DA:79,0
DA:80,0
DA:82,0
DA:84,0
DA:85,0
LF:33
LH:4
BRDA:10,0,0,0
BRDA:10,0,1,0
BRDA:21,1,0,0
BRDA:21,1,1,0
BRDA:79,2,0,0
BRDA:79,2,1,0
BRF:6
BRH:0
end_of_record
TN:
SF:controllers\commentController.js
FN:4,(anonymous_0)
FN:27,(anonymous_1)
FN:48,(anonymous_2)
FN:80,(anonymous_3)
FNF:4
FNH:0
FNDA:0,(anonymous_0)
FNDA:0,(anonymous_1)
FNDA:0,(anonymous_2)
FNDA:0,(anonymous_3)
DA:2,5
DA:4,5
DA:5,0
DA:6,0
DA:7,0
DA:9,0
DA:10,0
DA:20,0
DA:22,0
DA:23,0
DA:27,5
DA:28,0
DA:29,0
DA:30,0
DA:32,0
DA:41,0
DA:43,0
DA:44,0
DA:48,5
DA:49,0
DA:50,0
DA:51,0
DA:52,0
DA:54,0
DA:55,0
DA:59,0
DA:60,0
DA:61,0
DA:64,0
DA:65,0
DA:68,0
DA:73,0
DA:75,0
DA:76,0
DA:80,5
DA:81,0
DA:82,0
DA:83,0
DA:84,0
DA:86,0
DA:87,0
DA:91,0
DA:92,0
DA:93,0
DA:97,0
DA:98,0
DA:101,0
DA:105,0
DA:107,0
DA:108,0
LF:50
LH:5
BRDA:14,0,0,0
BRDA:14,0,1,0
BRDA:60,1,0,0
BRDA:60,1,1,0
BRDA:64,2,0,0
BRDA:64,2,1,0
BRDA:92,3,0,0
BRDA:92,3,1,0
BRDA:97,4,0,0
BRDA:97,4,1,0
BRDA:97,5,0,0
BRDA:97,5,1,0
BRF:12
BRH:0
end_of_record
TN:
SF:controllers\communityChatController.js
FN:4,(anonymous_0)
FN:43,(anonymous_1)
FNF:2
FNH:0
FNDA:0,(anonymous_0)
FNDA:0,(anonymous_1)
DA:1,5
DA:4,5
DA:5,0
DA:6,0
DA:7,0
DA:9,0
DA:12,0
DA:16,0
DA:19,0
DA:23,0
DA:26,0
DA:27,0
DA:35,0
DA:37,0
DA:38,0
DA:43,5
DA:44,0
DA:45,0
DA:46,0
DA:51,0
DA:53,0
DA:54,0
LF:22
LH:3
BRDA:16,0,0,0
BRDA:16,0,1,0
BRDA:26,1,0,0
BRDA:26,1,1,0
BRF:4
BRH:0
end_of_record
TN:
SF:controllers\communityPostController.js
FN:4,(anonymous_0)
FN:26,(anonymous_1)
FN:44,(anonymous_2)
FN:61,(anonymous_3)
FN:94,(anonymous_4)
FN:120,(anonymous_5)
FN:134,(anonymous_6)
FNF:7
FNH:0
FNDA:0,(anonymous_0)
FNDA:0,(anonymous_1)
FNDA:0,(anonymous_2)
FNDA:0,(anonymous_3)
FNDA:0,(anonymous_4)
FNDA:0,(anonymous_5)
FNDA:0,(anonymous_6)
DA:2,5
DA:4,5
DA:5,0
DA:6,0
DA:7,0
DA:9,0
DA:10,0
DA:19,0
DA:21,0
DA:22,0
DA:26,5
DA:27,0
DA:28,0
DA:29,0
DA:37,0
DA:39,0
DA:40,0
DA:44,5
DA:45,0
DA:46,0
DA:47,0
DA:54,0
DA:56,0
DA:57,0
DA:61,5
DA:62,0
DA:63,0
DA:64,0
DA:65,0
DA:67,0
DA:69,0
DA:73,0
DA:74,0
DA:77,0
DA:87,0
DA:89,0
DA:90,0
DA:94,5
DA:95,0
DA:96,0
DA:97,0
DA:99,0
DA:101,0
DA:105,0
DA:106,0
DA:109,0
DA:113,0
DA:115,0
DA:116,0
DA:120,5
DA:121,0
DA:122,0
DA:123,0
DA:124,0
DA:127,0
DA:129,0
DA:130,0
DA:134,5
DA:135,0
DA:136,0
DA:138,0
DA:139,0
DA:147,0
DA:149,0
DA:150,0
LF:65
LH:8
BRDA:73,0,0,0
BRDA:73,0,1,0
BRDA:73,1,0,0
BRDA:73,1,1,0
BRDA:105,2,0,0
BRDA:105,2,1,0
BRDA:105,3,0,0
BRDA:105,3,1,0
BRF:8
BRH:0
end_of_record
TN:
SF:controllers\ftndController.js
FN:8,(anonymous_0)
FN:25,(anonymous_1)
FN:94,(anonymous_2)
FNF:3
FNH:3
FNDA:4,(anonymous_0)
FNDA:11,(anonymous_1)
FNDA:4,(anonymous_2)
DA:2,5
DA:4,5
DA:5,5
DA:8,5
DA:9,4
DA:10,4
DA:11,4
DA:16,3
DA:17,3
DA:19,1
DA:20,1
DA:25,5
DA:26,11
DA:28,11
DA:29,4
DA:32,7
DA:33,7
DA:34,7
DA:42,6
DA:54,0
DA:59,0
DA:61,0
DA:63,0
DA:72,0
DA:74,0
DA:87,0
DA:89,7
DA:90,7
DA:94,5
DA:95,4
DA:96,4
DA:97,4
DA:102,3
DA:103,3
DA:105,1
DA:106,1
LF:36
LH:29
BRDA:28,0,0,4
BRDA:28,0,1,7
BRDA:28,1,0,11
BRDA:28,1,1,8
BRDA:61,2,0,0
BRDA:61,2,1,0
BRDA:72,3,0,0
BRDA:72,3,1,0
BRDA:103,4,0,3
BRDA:103,4,1,2
BRF:10
BRH:6
end_of_record
TN:
SF:controllers\habitLogController.js
FN:3,getUserLevel
FN:12,(anonymous_1)
FN:31,(anonymous_2)
FN:66,(anonymous_3)
FN:123,(anonymous_4)
FN:215,(anonymous_5)
FN:276,(anonymous_6)
FN:395,(anonymous_7)
FN:429,(anonymous_8)
FN:457,(anonymous_9)
FN:485,(anonymous_10)
FNF:11
FNH:11
FNDA:8,getUserLevel
FNDA:4,(anonymous_1)
FNDA:3,(anonymous_2)
FNDA:6,(anonymous_3)
FNDA:3,(anonymous_4)
FNDA:5,(anonymous_5)
FNDA:6,(anonymous_6)
FNDA:5,(anonymous_7)
FNDA:4,(anonymous_8)
FNDA:4,(anonymous_9)
FNDA:4,(anonymous_10)
DA:1,6
DA:4,8
DA:5,0
DA:6,0
DA:7,0
DA:12,6
DA:13,4
DA:14,4
DA:17,4
DA:18,4
DA:19,4
DA:30,3
DA:31,3
DA:32,3
DA:34,2
DA:37,2
DA:46,2
DA:48,2
DA:56,2
DA:57,2
DA:66,6
DA:67,6
DA:68,6
DA:69,6
DA:72,6
DA:73,2
DA:77,4
DA:78,4
DA:82,4
DA:89,3
DA:90,3
DA:91,3
DA:95,3
DA:114,3
DA:123,3
DA:127,3
DA:128,3
DA:129,3
DA:130,3
DA:131,3
DA:134,3
DA:136,3
DA:147,3
DA:161,3
DA:166,3
DA:170,3
DA:177,3
DA:178,3
DA:179,3
DA:183,3
DA:186,3
DA:202,3
DA:204,1
DA:205,1
DA:215,6
DA:216,5
DA:217,5
DA:219,5
DA:220,3
DA:226,2
DA:227,2
DA:230,2
DA:241,1
DA:248,1
DA:249,1
DA:250,1
DA:251,1
DA:253,1
DA:268,1
DA:270,1
DA:271,1
DA:276,6
DA:277,6
DA:278,6
DA:280,6
DA:281,3
DA:287,3
DA:288,3
DA:291,3
DA:302,2
DA:309,2
DA:312,2
DA:319,2
DA:320,2
DA:321,2
DA:324,2
DA:325,2
DA:326,2
DA:327,2
DA:328,2
DA:330,2
DA:331,2
DA:334,2
DA:344,2
DA:345,1
DA:357,2
DA:364,2
DA:365,2
DA:366,2
DA:367,2
DA:370,2
DA:385,2
DA:387,1
DA:388,1
DA:395,6
DA:396,5
DA:397,5
DA:399,5
DA:400,3
DA:403,2
DA:404,2
DA:406,2
DA:422,1
DA:424,1
DA:425,1
DA:429,6
DA:430,4
DA:431,4
DA:433,4
DA:434,1
DA:437,3
DA:438,3
DA:439,3
DA:449,2
DA:451,1
DA:452,1
DA:457,6
DA:458,4
DA:459,4
DA:461,4
DA:462,1
DA:465,3
DA:466,3
DA:467,3
DA:477,2
DA:479,1
DA:480,1
DA:485,6
DA:486,4
DA:487,4
DA:489,4
DA:490,1
DA:493,3
DA:494,3
DA:497,3
DA:504,2
DA:505,2
DA:506,2
DA:509,2
DA:516,2
DA:519,2
DA:520,2
DA:521,2
DA:522,2
DA:523,1
DA:525,2
DA:528,2
DA:538,2
DA:539,2
DA:550,2
DA:557,2
DA:558,2
DA:559,2
DA:560,2
DA:562,2
DA:577,2
DA:579,1
DA:580,1
DA:587,6
LF:169
LH:166
BRDA:4,0,0,8
BRDA:4,0,1,0
BRDA:5,1,0,0
BRDA:5,1,1,0
BRDA:6,2,0,0
BRDA:6,2,1,0
BRDA:46,3,0,2
BRDA:46,3,1,1
BRDA:69,4,0,6
BRDA:69,4,1,2
BRDA:69,4,2,1
BRDA:69,4,3,1
BRDA:72,5,0,2
BRDA:72,5,1,4
BRDA:72,6,0,6
BRDA:72,6,1,5
BRDA:89,7,0,3
BRDA:89,7,1,0
BRDA:100,8,0,3
BRDA:100,8,1,0
BRDA:128,9,0,0
BRDA:128,9,1,3
BRDA:129,10,0,0
BRDA:129,10,1,3
BRDA:130,11,0,0
BRDA:130,11,1,3
BRDA:131,12,0,0
BRDA:131,12,1,3
BRDA:166,13,0,3
BRDA:166,13,1,0
BRDA:177,14,0,3
BRDA:177,14,1,0
BRDA:178,15,0,3
BRDA:178,15,1,0
BRDA:219,16,0,3
BRDA:219,16,1,2
BRDA:219,17,0,5
BRDA:219,17,1,4
BRDA:248,18,0,1
BRDA:248,18,1,0
BRDA:249,19,0,1
BRDA:249,19,1,0
BRDA:280,20,0,3
BRDA:280,20,1,3
BRDA:280,21,0,6
BRDA:280,21,1,5
BRDA:319,22,0,2
BRDA:319,22,1,0
BRDA:325,23,0,0
BRDA:325,23,1,2
BRDA:326,24,0,0
BRDA:326,24,1,2
BRDA:327,25,0,0
BRDA:327,25,1,2
BRDA:328,26,0,0
BRDA:328,26,1,2
BRDA:331,27,0,2
BRDA:331,27,1,1
BRDA:344,28,0,1
BRDA:344,28,1,1
BRDA:364,29,0,2
BRDA:364,29,1,0
BRDA:365,30,0,2
BRDA:365,30,1,1
BRDA:399,31,0,3
BRDA:399,31,1,2
BRDA:399,32,0,5
BRDA:399,32,1,4
BRDA:399,32,2,3
BRDA:433,33,0,1
BRDA:433,33,1,3
BRDA:461,34,0,1
BRDA:461,34,1,3
BRDA:489,35,0,1
BRDA:489,35,1,3
BRDA:504,36,0,2
BRDA:504,36,1,0
BRDA:520,37,0,0
BRDA:520,37,1,2
BRDA:521,38,0,0
BRDA:521,38,1,2
BRDA:522,39,0,1
BRDA:522,39,1,1
BRDA:523,40,0,0
BRDA:523,40,1,1
BRDA:557,41,0,2
BRDA:557,41,1,0
BRDA:558,42,0,2
BRDA:558,42,1,1
BRF:89
BRH:62
end_of_record
TN:
SF:controllers\memberController.js
FN:4,(anonymous_0)
FNF:1
FNH:0
FNDA:0,(anonymous_0)
DA:2,5
DA:4,5
DA:5,0
DA:6,0
DA:12,0
DA:14,0
DA:15,0
DA:30,0
DA:32,0
DA:33,0
LF:10
LH:2
BRF:0
BRH:0
end_of_record
TN:
SF:controllers\notificationController.js
FN:4,(anonymous_0)
FNF:1
FNH:0
FNDA:0,(anonymous_0)
DA:1,5
DA:4,5
DA:5,0
DA:6,0
DA:7,0
DA:9,0
DA:18,0
DA:20,0
DA:21,0
LF:9
LH:2
BRF:0
BRH:0
end_of_record
TN:
SF:controllers\paymentController.js
FN:14,sortObjDataByKey
FN:17,(anonymous_1)
FN:24,convertObjToQueryStr
FN:26,(anonymous_3)
FN:27,(anonymous_4)
FN:39,(anonymous_5)
FN:191,(anonymous_6)
FNF:7
FNH:7
FNDA:5,sortObjDataByKey
FNDA:15,(anonymous_1)
FNDA:5,convertObjToQueryStr
FNDA:15,(anonymous_3)
FNDA:15,(anonymous_4)
FNDA:8,(anonymous_5)
FNDA:18,(anonymous_6)
DA:1,5
DA:2,5
DA:3,5
DA:4,5
DA:7,5
DA:15,5
DA:18,15
DA:19,15
DA:25,5
DA:26,15
DA:28,15
DA:29,15
DA:30,15
DA:31,15
DA:39,5
DA:40,8
DA:41,8
DA:42,8
DA:45,8
DA:46,2
DA:50,6
DA:51,6
DA:52,1
DA:53,1
DA:57,5
DA:58,5
DA:59,5
DA:65,5
DA:66,5
DA:69,5
DA:70,1
DA:71,1
DA:74,4
DA:75,4
DA:78,4
DA:87,4
DA:88,3
DA:90,1
DA:93,1
DA:96,1
DA:98,1
DA:107,1
DA:109,1
DA:110,1
DA:117,1
DA:118,1
DA:120,1
DA:134,0
DA:146,1
DA:147,1
DA:154,1
DA:155,1
DA:156,1
DA:164,1
DA:165,0
DA:181,1
DA:183,0
DA:184,0
DA:191,5
DA:192,18
DA:193,18
DA:195,18
DA:197,18
DA:198,3
DA:199,3
DA:206,15
DA:207,15
DA:208,4
DA:209,4
DA:215,11
DA:216,0
DA:217,0
DA:223,11
DA:225,11
DA:228,11
DA:236,11
DA:237,2
DA:238,2
DA:244,9
DA:245,9
DA:248,9
DA:249,9
DA:263,9
DA:264,9
DA:267,9
DA:268,9
DA:271,9
DA:272,0
DA:275,9
DA:289,9
DA:292,9
DA:293,0
DA:296,9
DA:298,8
DA:299,0
DA:302,8
DA:305,8
DA:325,8
DA:327,8
DA:335,1
DA:338,1
DA:339,0
DA:346,1
DA:347,0
DA:354,1
LF:105
LH:94
BRDA:29,0,0,0
BRDA:29,0,1,15
BRDA:30,1,0,0
BRDA:30,1,1,15
BRDA:45,2,0,2
BRDA:45,2,1,6
BRDA:45,3,0,8
BRDA:45,3,1,7
BRDA:51,4,0,1
BRDA:51,4,1,5
BRDA:69,5,0,1
BRDA:69,5,1,4
BRDA:74,6,0,3
BRDA:74,6,1,1
BRDA:87,7,0,3
BRDA:87,7,1,1
BRDA:96,8,0,1
BRDA:96,8,1,0
BRDA:107,9,0,1
BRDA:107,9,1,0
BRDA:109,10,0,1
BRDA:109,10,1,0
BRDA:117,11,0,1
BRDA:117,11,1,0
BRDA:146,12,0,1
BRDA:146,12,1,0
BRDA:164,13,0,0
BRDA:164,13,1,1
BRDA:197,14,0,3
BRDA:197,14,1,15
BRDA:197,15,0,18
BRDA:197,15,1,15
BRDA:197,15,2,15
BRDA:207,16,0,4
BRDA:207,16,1,11
BRDA:207,17,0,15
BRDA:207,17,1,13
BRDA:207,17,2,12
BRDA:215,18,0,0
BRDA:215,18,1,11
BRDA:236,19,0,2
BRDA:236,19,1,9
BRDA:271,20,0,0
BRDA:271,20,1,9
BRDA:278,21,0,9
BRDA:278,21,1,2
BRDA:280,22,0,9
BRDA:280,22,1,0
BRDA:292,23,0,0
BRDA:292,23,1,9
BRDA:292,24,0,9
BRDA:292,24,1,9
BRDA:292,24,2,9
BRDA:298,25,0,0
BRDA:298,25,1,8
BRDA:298,26,0,8
BRDA:298,26,1,8
BRDA:313,27,0,8
BRDA:313,27,1,2
BRDA:338,28,0,0
BRDA:338,28,1,1
BRDA:346,29,0,0
BRDA:346,29,1,1
BRDA:346,30,0,1
BRDA:346,30,1,1
BRF:65
BRH:50
end_of_record
TN:
SF:controllers\quitPlanController.js
FN:7,(anonymous_0)
FN:34,(anonymous_1)
FN:122,(anonymous_2)
FNF:3
FNH:0
FNDA:0,(anonymous_0)
FNDA:0,(anonymous_1)
FNDA:0,(anonymous_2)
DA:2,5
DA:4,5
DA:5,5
DA:7,5
DA:8,0
DA:9,0
DA:10,0
DA:19,0
DA:20,0
DA:26,0
DA:29,0
DA:30,0
DA:34,5
DA:35,0
DA:38,0
DA:39,0
DA:42,0
DA:43,0
DA:46,0
DA:47,0
DA:48,0
DA:51,0
DA:52,0
DA:56,0
DA:65,0
DA:81,0
DA:86,0
DA:88,0
DA:90,0
DA:99,0
DA:100,0
DA:113,0
DA:115,0
DA:116,0
DA:122,5
DA:123,0
DA:125,0
DA:126,0
DA:127,0
DA:135,0
DA:137,0
DA:138,0
LF:42
LH:6
BRDA:19,0,0,0
BRDA:19,0,1,0
BRDA:38,1,0,0
BRDA:38,1,1,0
BRDA:38,2,0,0
BRDA:38,2,1,0
BRDA:38,2,2,0
BRDA:51,3,0,0
BRDA:51,3,1,0
BRDA:88,4,0,0
BRDA:88,4,1,0
BRDA:99,5,0,0
BRDA:99,5,1,0
BRF:13
BRH:0
end_of_record
TN:
SF:controllers\resetPassword.js
FN:9,(anonymous_0)
FN:19,(anonymous_1)
FN:43,(anonymous_2)
FN:59,(anonymous_3)
FN:75,(anonymous_4)
FN:83,(anonymous_5)
FN:90,(anonymous_6)
FNF:7
FNH:0
FNDA:0,(anonymous_0)
FNDA:0,(anonymous_1)
FNDA:0,(anonymous_2)
FNDA:0,(anonymous_3)
FNDA:0,(anonymous_4)
FNDA:0,(anonymous_5)
FNDA:0,(anonymous_6)
DA:1,5
DA:2,5
DA:3,5
DA:6,5
DA:9,5
DA:10,0
DA:11,0
DA:14,0
DA:19,5
DA:20,0
DA:21,0
DA:23,0
DA:25,0
DA:26,0
DA:29,0
DA:32,0
DA:33,0
DA:35,0
DA:38,0
DA:39,0
DA:43,5
DA:44,0
DA:45,0
DA:47,0
DA:48,0
DA:49,0
DA:52,0
DA:53,0
DA:55,0
DA:59,5
DA:60,0
DA:61,0
DA:62,0
DA:63,0
DA:64,0
DA:67,0
DA:68,0
DA:75,5
DA:76,0
DA:77,0
DA:80,0
DA:83,5
DA:84,0
DA:85,0
DA:90,5
DA:91,0
DA:92,0
DA:95,0
DA:101,0
DA:102,0
DA:103,0
DA:107,0
DA:115,0
DA:119,5
LF:54
LH:12
BRDA:48,0,0,0
BRDA:48,0,1,0
BRDA:48,1,0,0
BRDA:48,1,1,0
BRDA:48,1,2,0
BRDA:62,2,0,0
BRDA:62,2,1,0
BRDA:101,3,0,0
BRDA:101,3,1,0
BRF:9
BRH:0
end_of_record
TN:
SF:controllers\scheduleController.js
FN:9,parseVietnamTime
FN:17,(anonymous_1)
FN:59,isOverlap
FN:201,(anonymous_3)
FN:219,isOverlap
FN:349,(anonymous_5)
FN:364,(anonymous_6)
FN:401,(anonymous_7)
FN:426,(anonymous_8)
FNF:9
FNH:0
FNDA:0,parseVietnamTime
FNDA:0,(anonymous_1)
FNDA:0,isOverlap
FNDA:0,(anonymous_3)
FNDA:0,isOverlap
FNDA:0,(anonymous_5)
FNDA:0,(anonymous_6)
FNDA:0,(anonymous_7)
FNDA:0,(anonymous_8)
DA:2,5
DA:3,5
DA:6,5
DA:10,0
DA:11,0
DA:12,0
DA:13,0
DA:17,5
DA:18,0
DA:19,0
DA:22,0
DA:23,0
DA:24,0
DA:25,0
DA:26,0
DA:27,0
DA:30,0
DA:31,0
DA:37,0
DA:40,0
DA:44,0
DA:45,0
DA:51,0
DA:52,0
DA:53,0
DA:54,0
DA:55,0
DA:56,0
DA:60,0
DA:65,0
DA:69,0
DA:77,0
DA:80,0
DA:81,0
DA:82,0
DA:83,0
DA:84,0
DA:85,0
DA:86,0
DA:87,0
DA:89,0
DA:90,0
DA:93,0
DA:94,0
DA:96,0
DA:97,0
DA:98,0
DA:99,0
DA:100,0
DA:101,0
DA:104,0
DA:105,0
DA:106,0
DA:109,0
DA:110,0
DA:111,0
DA:112,0
DA:113,0
DA:114,0
DA:115,0
DA:117,0
DA:118,0
DA:119,0
DA:120,0
DA:121,0
DA:122,0
DA:126,0
DA:129,0
DA:130,0
DA:132,0
DA:134,0
DA:138,0
DA:139,0
DA:140,0
DA:141,0
DA:142,0
DA:144,0
DA:145,0
DA:146,0
DA:147,0
DA:148,0
DA:149,0
DA:151,0
DA:152,0
DA:153,0
DA:155,0
DA:156,0
DA:158,0
DA:164,0
DA:166,0
DA:167,0
DA:168,0
DA:169,0
DA:170,0
DA:171,0
DA:176,0
DA:184,0
DA:187,0
DA:195,0
DA:196,0
DA:201,5
DA:202,0
DA:203,0
DA:205,0
DA:206,0
DA:212,0
DA:213,0
DA:214,0
DA:215,0
DA:216,0
DA:217,0
DA:220,0
DA:225,0
DA:228,0
DA:230,0
DA:234,0
DA:235,0
DA:236,0
DA:239,0
DA:240,0
DA:242,0
DA:250,0
DA:252,0
DA:253,0
DA:256,0
DA:257,0
DA:259,0
DA:260,0
DA:261,0
DA:262,0
DA:263,0
DA:264,0
DA:267,0
DA:268,0
DA:269,0
DA:272,0
DA:273,0
DA:274,0
DA:275,0
DA:276,0
DA:277,0
DA:278,0
DA:280,0
DA:281,0
DA:282,0
DA:283,0
DA:284,0
DA:285,0
DA:287,0
DA:288,0
DA:290,0
DA:292,0
DA:296,0
DA:297,0
DA:298,0
DA:299,0
DA:300,0
DA:302,0
DA:303,0
DA:304,0
DA:305,0
DA:306,0
DA:307,0
DA:309,0
DA:310,0
DA:311,0
DA:313,0
DA:314,0
DA:316,0
DA:321,0
DA:322,0
DA:330,0
DA:331,0
DA:335,0
DA:343,0
DA:344,0
DA:349,5
DA:350,0
DA:351,0
DA:352,0
DA:353,0
DA:356,0
DA:358,0
DA:359,0
DA:364,5
DA:365,0
DA:366,0
DA:367,0
DA:369,0
DA:372,0
DA:377,0
DA:378,0
DA:381,0
DA:384,0
DA:385,0
DA:389,0
DA:393,0
DA:395,0
DA:396,0
DA:401,5
DA:402,0
DA:403,0
DA:405,0
DA:406,0
DA:414,0
DA:419,0
DA:420,0
DA:426,5
DA:427,0
DA:428,0
DA:429,0
DA:430,0
DA:433,0
DA:435,0
DA:436,0
LF:215
LH:9
BRDA:6,0,0,5
BRDA:6,0,1,5
BRDA:30,1,0,0
BRDA:30,1,1,0
BRDA:30,2,0,0
BRDA:30,2,1,0
BRDA:30,2,2,0
BRDA:44,3,0,0
BRDA:44,3,1,0
BRDA:69,4,0,0
BRDA:69,4,1,0
BRDA:76,5,0,0
BRDA:89,6,0,0
BRDA:89,6,1,0
BRDA:89,7,0,0
BRDA:89,7,1,0
BRDA:99,8,0,0
BRDA:99,8,1,0
BRDA:119,9,0,0
BRDA:119,9,1,0
BRDA:121,10,0,0
BRDA:121,10,1,0
BRDA:129,11,0,0
BRDA:129,11,1,0
BRDA:138,12,0,0
BRDA:138,12,1,0
BRDA:138,13,0,0
BRDA:138,13,1,0
BRDA:140,14,0,0
BRDA:140,14,1,0
BRDA:140,15,0,0
BRDA:140,15,1,0
BRDA:147,16,0,0
BRDA:147,16,1,0
BRDA:147,17,0,0
BRDA:147,17,1,0
BRDA:152,18,0,0
BRDA:152,18,1,0
BRDA:155,19,0,0
BRDA:155,19,1,0
BRDA:205,20,0,0
BRDA:205,20,1,0
BRDA:205,21,0,0
BRDA:205,21,1,0
BRDA:205,21,2,0
BRDA:234,22,0,0
BRDA:234,22,1,0
BRDA:242,23,0,0
BRDA:242,23,1,0
BRDA:249,24,0,0
BRDA:252,25,0,0
BRDA:252,25,1,0
BRDA:252,26,0,0
BRDA:252,26,1,0
BRDA:262,27,0,0
BRDA:262,27,1,0
BRDA:282,28,0,0
BRDA:282,28,1,0
BRDA:284,29,0,0
BRDA:284,29,1,0
BRDA:287,30,0,0
BRDA:287,30,1,0
BRDA:296,31,0,0
BRDA:296,31,1,0
BRDA:296,32,0,0
BRDA:296,32,1,0
BRDA:298,33,0,0
BRDA:298,33,1,0
BRDA:298,34,0,0
BRDA:298,34,1,0
BRDA:305,35,0,0
BRDA:305,35,1,0
BRDA:305,36,0,0
BRDA:305,36,1,0
BRDA:310,37,0,0
BRDA:310,37,1,0
BRDA:313,38,0,0
BRDA:313,38,1,0
BRDA:377,39,0,0
BRDA:377,39,1,0
BRDA:384,40,0,0
BRDA:384,40,1,0
BRF:82
BRH:2
end_of_record
TN:
SF:controllers\smokingSummaryController.js
FN:4,(anonymous_0)
FN:43,(anonymous_1)
FNF:2
FNH:0
FNDA:0,(anonymous_0)
FNDA:0,(anonymous_1)
DA:1,5
DA:4,5
DA:5,0
DA:6,0
DA:8,0
DA:9,0
DA:15,0
DA:16,0
DA:17,0
DA:32,0
DA:34,0
DA:35,0
DA:43,5
DA:44,0
DA:46,0
DA:47,0
DA:48,0
DA:57,0
DA:59,0
DA:60,0
DA:65,5
LF:21
LH:4
BRDA:8,0,0,0
BRDA:8,0,1,0
BRDA:8,1,0,0
BRDA:8,1,1,0
BRF:4
BRH:0
end_of_record
TN:
SF:controllers\subscriptionController.js
FN:9,(anonymous_0)
FN:27,(anonymous_1)
FN:49,(anonymous_2)
FN:76,(anonymous_3)
FN:167,(anonymous_4)
FN:203,(anonymous_5)
FN:245,(anonymous_6)
FN:299,(anonymous_7)
FN:351,(anonymous_8)
FNF:9
FNH:9
FNDA:10,(anonymous_0)
FNDA:11778,(anonymous_1)
FNDA:11,(anonymous_2)
FNDA:3,(anonymous_3)
FNDA:19,(anonymous_4)
FNDA:4,(anonymous_5)
FNDA:21,(anonymous_6)
FNDA:9,(anonymous_7)
FNDA:5,(anonymous_8)
DA:3,5
DA:4,5
DA:9,5
DA:10,10
DA:11,10
DA:12,10
DA:27,11778
DA:39,10
DA:41,0
DA:42,0
DA:49,5
DA:50,11
DA:51,11
DA:52,11
DA:54,11
DA:72,11
DA:73,8
DA:76,3
DA:77,3
DA:78,3
DA:79,3
DA:89,3
DA:90,3
DA:93,3
DA:94,3
DA:95,3
DA:96,3
DA:98,3
DA:99,0
DA:100,0
DA:101,0
DA:104,0
DA:105,0
DA:106,0
DA:109,3
DA:110,0
DA:112,0
DA:113,0
DA:116,0
DA:117,0
DA:119,0
DA:120,0
DA:123,0
DA:124,0
DA:127,0
DA:128,0
DA:132,3
DA:133,3
DA:134,3
DA:136,3
DA:137,3
DA:138,3
DA:140,3
DA:141,3
DA:142,3
DA:144,3
DA:159,0
DA:160,0
DA:167,5
DA:168,19
DA:169,19
DA:170,19
DA:172,19
DA:193,19
DA:195,0
DA:196,0
DA:203,5
DA:204,4
DA:205,4
DA:206,4
DA:207,4
DA:218,4
DA:219,3
DA:222,1
DA:223,1
DA:224,1
DA:226,1
DA:227,1
DA:228,1
DA:229,1
DA:230,1
DA:231,1
DA:232,1
DA:235,1
DA:237,0
DA:238,0
DA:245,5
DA:249,21
DA:253,21
DA:254,21
DA:257,21
DA:258,21
DA:259,21
DA:260,21
DA:261,21
DA:268,21
DA:269,21
DA:288,15
DA:289,15
DA:291,6
DA:292,6
DA:299,5
DA:300,9
DA:304,9
DA:308,9
DA:309,9
DA:312,9
DA:313,9
DA:314,9
DA:315,9
DA:318,9
DA:342,4
DA:344,5
DA:345,5
DA:351,5
DA:352,5
DA:353,5
DA:354,5
DA:355,5
DA:362,3
DA:364,2
DA:365,2
LF:122
LH:97
BRDA:72,0,0,8
BRDA:72,0,1,3
BRDA:85,1,0,3
BRDA:85,1,1,0
BRDA:98,2,0,0
BRDA:98,2,1,3
BRDA:112,3,0,0
BRDA:112,3,1,0
BRDA:112,4,0,0
BRDA:112,4,1,0
BRDA:127,5,0,0
BRDA:127,5,1,0
BRDA:127,6,0,0
BRDA:127,6,1,0
BRDA:127,6,2,0
BRDA:151,7,0,3
BRDA:151,7,1,0
BRDA:218,8,0,3
BRDA:218,8,1,1
BRDA:227,9,0,0
BRDA:227,9,1,1
BRDA:229,10,0,0
BRDA:229,10,1,1
BRDA:230,11,0,1
BRDA:230,11,1,0
BRDA:257,12,0,21
BRDA:257,12,1,4
BRDA:271,13,0,18
BRDA:271,13,1,18
BRDA:312,14,0,9
BRDA:312,14,1,5
BRDA:321,15,0,6
BRDA:321,15,1,6
BRF:33
BRH:18
end_of_record
TN:
SF:controllers\taskController.js
FN:4,(anonymous_0)
FN:34,(anonymous_1)
FN:80,(anonymous_2)
FN:131,(anonymous_3)
FN:156,(anonymous_4)
FN:176,(anonymous_5)
FN:194,(anonymous_6)
FN:212,(anonymous_7)
FN:231,(anonymous_8)
FN:253,(anonymous_9)
FNF:10
FNH:0
FNDA:0,(anonymous_0)
FNDA:0,(anonymous_1)
FNDA:0,(anonymous_2)
FNDA:0,(anonymous_3)
FNDA:0,(anonymous_4)
FNDA:0,(anonymous_5)
FNDA:0,(anonymous_6)
FNDA:0,(anonymous_7)
FNDA:0,(anonymous_8)
FNDA:0,(anonymous_9)
DA:1,5
DA:4,5
DA:5,0
DA:7,0
DA:8,0
DA:9,0
DA:11,0
DA:16,0
DA:17,0
DA:18,0
DA:21,0
DA:23,0
DA:24,0
DA:26,0
DA:27,0
DA:34,5
DA:35,0
DA:37,0
DA:38,0
DA:43,0
DA:44,0
DA:46,0
DA:55,0
DA:56,0
DA:57,0
DA:58,0
DA:60,0
DA:72,0
DA:74,0
DA:75,0
DA:80,5
DA:81,0
DA:83,0
DA:85,0
DA:93,0
DA:98,0
DA:99,0
DA:101,0
DA:119,0
DA:123,0
DA:124,0
DA:131,5
DA:132,0
DA:134,0
DA:135,0
DA:140,0
DA:141,0
DA:143,0
DA:148,0
DA:150,0
DA:151,0
DA:156,5
DA:157,0
DA:158,0
DA:160,0
DA:166,0
DA:168,0
DA:169,0
DA:176,5
DA:177,0
DA:178,0
DA:180,0
DA:194,0
DA:202,0
DA:204,0
DA:205,0
DA:212,5
DA:213,0
DA:214,0
DA:216,0
DA:230,0
DA:231,0
DA:232,0
DA:233,0
DA:241,0
DA:242,0
DA:243,0
DA:245,0
DA:252,0
DA:253,0
DA:256,0
DA:258,0
DA:259,0
LF:83
LH:8
BRDA:16,0,0,0
BRDA:16,0,1,0
BRDA:37,1,0,0
BRDA:37,1,1,0
BRDA:37,2,0,0
BRDA:37,2,1,0
BRDA:37,2,2,0
BRDA:85,3,0,0
BRDA:85,3,1,0
BRDA:86,4,0,0
BRDA:86,4,1,0
BRDA:86,4,2,0
BRDA:86,4,3,0
BRDA:86,4,4,0
BRDA:86,4,5,0
BRDA:134,5,0,0
BRDA:134,5,1,0
BRDA:232,6,0,0
BRDA:232,6,1,0
BRDA:241,7,0,0
BRDA:241,7,1,0
BRDA:241,8,0,0
BRDA:241,8,1,0
BRDA:242,9,0,0
BRDA:242,9,1,0
BRF:25
BRH:0
end_of_record
TN:
SF:controllers\topicChatController.js
FN:3,(anonymous_0)
FN:22,(anonymous_1)
FN:37,(anonymous_2)
FN:77,(anonymous_3)
FNF:4
FNH:0
FNDA:0,(anonymous_0)
FNDA:0,(anonymous_1)
FNDA:0,(anonymous_2)
FNDA:0,(anonymous_3)
DA:1,5
DA:3,5
DA:4,0
DA:5,0
DA:6,0
DA:8,0
DA:9,0
DA:15,0
DA:17,0
DA:18,0
DA:22,5
DA:23,0
DA:24,0
DA:25,0
DA:30,0
DA:32,0
DA:33,0
DA:37,5
DA:38,0
DA:39,0
DA:40,0
DA:42,0
DA:45,0
DA:49,0
DA:52,0
DA:57,0
DA:60,0
DA:61,0
DA:70,0
DA:72,0
DA:73,0
DA:77,5
DA:78,0
DA:79,0
DA:80,0
DA:82,0
DA:90,0
DA:92,0
DA:93,0
LF:39
LH:5
BRDA:49,0,0,0
BRDA:49,0,1,0
BRDA:60,1,0,0
BRDA:60,1,1,0
BRF:4
BRH:0
end_of_record
TN:
SF:controllers\userController.js
FN:5,getMe
FN:35,(anonymous_1)
FNF:2
FNH:0
FNDA:0,getMe
FNDA:0,(anonymous_1)
DA:2,5
DA:3,5
DA:6,0
DA:7,0
DA:8,0
DA:10,0
DA:22,0
DA:23,0
DA:26,0
DA:27,0
DA:29,0
DA:30,0
DA:35,5
DA:36,0
DA:37,0
DA:39,0
DA:40,0
DA:41,0
DA:43,0
DA:45,0
DA:46,0
DA:47,0
DA:49,0
DA:50,0
DA:51,0
DA:53,0
DA:54,0
DA:55,0
DA:57,0
DA:58,0
DA:59,0
DA:62,0
DA:63,0
DA:66,0
DA:72,0
DA:74,0
DA:76,0
DA:77,0
DA:81,5
LF:39
LH:4
BRDA:22,0,0,0
BRDA:22,0,1,0
BRDA:45,1,0,0
BRDA:45,1,1,0
BRDA:45,2,0,0
BRDA:45,2,1,0
BRDA:49,3,0,0
BRDA:49,3,1,0
BRDA:53,4,0,0
BRDA:53,4,1,0
BRDA:57,5,0,0
BRDA:57,5,1,0
BRDA:62,6,0,0
BRDA:62,6,1,0
BRF:14
BRH:0
end_of_record
TN:
SF:controllers\userScoreController.js
FN:4,(anonymous_0)
FN:26,(anonymous_1)
FN:39,(anonymous_2)
FN:62,(anonymous_3)
FN:73,(anonymous_4)
FNF:5
FNH:0
FNDA:0,(anonymous_0)
FNDA:0,(anonymous_1)
FNDA:0,(anonymous_2)
FNDA:0,(anonymous_3)
FNDA:0,(anonymous_4)
DA:2,5
DA:4,5
DA:5,0
DA:6,0
DA:7,0
DA:26,0
DA:31,0
DA:33,0
DA:34,0
DA:39,5
DA:40,0
DA:41,0
DA:42,0
DA:43,0
DA:62,0
DA:64,0
DA:66,0
DA:68,0
DA:69,0
DA:73,5
DA:74,0
DA:75,0
DA:76,0
DA:78,0
DA:79,0
DA:82,0
DA:89,0
DA:92,0
DA:99,0
DA:100,0
DA:101,0
DA:103,0
DA:106,0
DA:107,0
DA:108,0
DA:109,0
DA:112,0
DA:122,0
DA:124,0
DA:125,0
DA:129,5
LF:41
LH:5
BRDA:64,0,0,0
BRDA:64,0,1,0
BRDA:74,1,0,0
BRDA:74,1,1,0
BRDA:74,1,2,0
BRDA:75,2,0,0
BRDA:75,2,1,0
BRDA:99,3,0,0
BRDA:99,3,1,0
BRDA:107,4,0,0
BRDA:107,4,1,0
BRDA:108,5,0,0
BRDA:108,5,1,0
BRDA:109,6,0,0
BRDA:109,6,1,0
BRF:15
BRH:0
end_of_record
TN:
SF:controllers\userStatsController.js
FN:4,(anonymous_0)
FN:63,(anonymous_1)
FN:76,(anonymous_2)
FN:109,(anonymous_3)
FN:127,(anonymous_4)
FN:149,(anonymous_5)
FNF:6
FNH:0
FNDA:0,(anonymous_0)
FNDA:0,(anonymous_1)
FNDA:0,(anonymous_2)
FNDA:0,(anonymous_3)
FNDA:0,(anonymous_4)
FNDA:0,(anonymous_5)
DA:1,5
DA:4,5
DA:5,0
DA:6,0
DA:9,0
DA:16,0
DA:17,0
DA:20,0
DA:29,0
DA:30,0
DA:33,0
DA:34,0
DA:37,0
DA:45,0
DA:46,0
DA:49,0
DA:52,0
DA:62,0
DA:63,0
DA:64,0
DA:65,0
DA:68,0
DA:70,0
DA:71,0
DA:76,5
DA:77,0
DA:79,0
DA:80,0
DA:82,0
DA:86,0
DA:87,0
DA:89,0
DA:91,0
DA:95,0
DA:97,0
DA:103,0
DA:104,0
DA:109,5
DA:110,0
DA:112,0
DA:113,0
DA:115,0
DA:119,0
DA:121,0
DA:122,0
DA:127,5
DA:128,0
DA:130,0
DA:131,0
DA:133,0
DA:142,0
DA:144,0
DA:145,0
DA:149,5
DA:150,0
DA:152,0
DA:153,0
DA:156,0
DA:164,0
DA:165,0
DA:168,0
DA:169,0
DA:170,0
DA:173,0
DA:174,0
DA:177,0
DA:180,0
DA:192,0
DA:193,0
DA:194,0
DA:196,0
DA:198,0
DA:199,0
LF:73
LH:6
BRDA:29,0,0,0
BRDA:29,0,1,0
BRDA:34,1,0,0
BRDA:34,1,1,0
BRDA:45,2,0,0
BRDA:45,2,1,0
BRDA:86,3,0,0
BRDA:86,3,1,0
BRDA:95,4,0,0
BRDA:95,4,1,0
BRDA:100,5,0,0
BRDA:100,5,1,0
BRDA:119,6,0,0
BRDA:119,6,1,0
BRDA:164,7,0,0
BRDA:164,7,1,0
BRDA:173,8,0,0
BRDA:173,8,1,0
BRF:18
BRH:0
end_of_record
